{"D:\\Projects\\Github\\React-Starter-App\\src\\actions.js": {"path":"D:\\Projects\\Github\\React-Starter-App\\src\\actions.js","statementMap":{"0":{"start":{"line":14,"column":2},"end":{"line":21,"column":4}}},"fnMap":{"0":{"name":"mapDispatchToProps","decl":{"start":{"line":13,"column":24},"end":{"line":13,"column":42}},"loc":{"start":{"line":13,"column":53},"end":{"line":22,"column":1}},"line":13}},"branchMap":{},"s":{"0":0},"f":{"0":0},"b":{},"_coverageSchema":"43e27e138ebf9cfc5966b082cf9a028302ed4184","hash":"53a74f3685956bd1a98d456574a315ce577ad660"}
,"D:\\Projects\\Github\\React-Starter-App\\src\\app.js": {"path":"D:\\Projects\\Github\\React-Starter-App\\src\\app.js","statementMap":{"0":{"start":{"line":38,"column":12},"end":{"line":46,"column":1}},"1":{"start":{"line":39,"column":2},"end":{"line":45,"column":21}}},"fnMap":{"0":{"name":"(anonymous_0)","decl":{"start":{"line":38,"column":12},"end":{"line":38,"column":13}},"loc":{"start":{"line":39,"column":2},"end":{"line":45,"column":21}},"line":39}},"branchMap":{},"s":{"0":0,"1":0},"f":{"0":0},"b":{}}
,"D:\\Projects\\Github\\React-Starter-App\\src\\index.js": {"path":"D:\\Projects\\Github\\React-Starter-App\\src\\index.js","statementMap":{"0":{"start":{"line":14,"column":0},"end":{"line":14,"column":58}},"1":{"start":{"line":16,"column":0},"end":{"line":16,"column":24}}},"fnMap":{},"branchMap":{},"s":{"0":0,"1":0},"f":{},"b":{}}
,"D:\\Projects\\Github\\React-Starter-App\\src\\reducers.js": {"path":"D:\\Projects\\Github\\React-Starter-App\\src\\reducers.js","statementMap":{"0":{"start":{"line":16,"column":22},"end":{"line":23,"column":4}},"1":{"start":{"line":17,"column":2},"end":{"line":23,"column":4}}},"fnMap":{"0":{"name":"(anonymous_0)","decl":{"start":{"line":16,"column":22},"end":{"line":16,"column":23}},"loc":{"start":{"line":17,"column":2},"end":{"line":23,"column":4}},"line":17}},"branchMap":{},"s":{"0":0,"1":0},"f":{"0":0},"b":{}}
,"D:\\Projects\\Github\\React-Starter-App\\src\\registerServiceWorker.js": {"path":"D:\\Projects\\Github\\React-Starter-App\\src\\registerServiceWorker.js","statementMap":{"0":{"start":{"line":11,"column":20},"end":{"line":19,"column":1}},"1":{"start":{"line":22,"column":2},"end":{"line":52,"column":3}},"2":{"start":{"line":24,"column":22},"end":{"line":24,"column":70}},"3":{"start":{"line":25,"column":4},"end":{"line":30,"column":5}},"4":{"start":{"line":29,"column":6},"end":{"line":29,"column":13}},"5":{"start":{"line":32,"column":4},"end":{"line":51,"column":7}},"6":{"start":{"line":33,"column":20},"end":{"line":33,"column":65}},"7":{"start":{"line":35,"column":6},"end":{"line":50,"column":7}},"8":{"start":{"line":37,"column":8},"end":{"line":37,"column":39}},"9":{"start":{"line":41,"column":8},"end":{"line":46,"column":11}},"10":{"start":{"line":42,"column":10},"end":{"line":45,"column":12}},"11":{"start":{"line":49,"column":8},"end":{"line":49,"column":31}},"12":{"start":{"line":56,"column":2},"end":{"line":81,"column":7}},"13":{"start":{"line":59,"column":6},"end":{"line":77,"column":8}},"14":{"start":{"line":60,"column":33},"end":{"line":60,"column":56}},"15":{"start":{"line":61,"column":8},"end":{"line":76,"column":10}},"16":{"start":{"line":62,"column":10},"end":{"line":75,"column":11}},"17":{"start":{"line":63,"column":12},"end":{"line":74,"column":13}},"18":{"start":{"line":68,"column":14},"end":{"line":68,"column":71}},"19":{"start":{"line":73,"column":14},"end":{"line":73,"column":64}},"20":{"start":{"line":80,"column":6},"end":{"line":80,"column":72}},"21":{"start":{"line":86,"column":2},"end":{"line":108,"column":7}},"22":{"start":{"line":89,"column":6},"end":{"line":102,"column":7}},"23":{"start":{"line":94,"column":8},"end":{"line":98,"column":11}},"24":{"start":{"line":95,"column":10},"end":{"line":97,"column":13}},"25":{"start":{"line":96,"column":12},"end":{"line":96,"column":37}},"26":{"start":{"line":101,"column":8},"end":{"line":101,"column":31}},"27":{"start":{"line":105,"column":6},"end":{"line":107,"column":8}},"28":{"start":{"line":112,"column":2},"end":{"line":116,"column":3}},"29":{"start":{"line":113,"column":4},"end":{"line":115,"column":7}},"30":{"start":{"line":114,"column":6},"end":{"line":114,"column":32}}},"fnMap":{"0":{"name":"register","decl":{"start":{"line":21,"column":24},"end":{"line":21,"column":32}},"loc":{"start":{"line":21,"column":35},"end":{"line":53,"column":1}},"line":21},"1":{"name":"(anonymous_1)","decl":{"start":{"line":32,"column":36},"end":{"line":32,"column":37}},"loc":{"start":{"line":32,"column":42},"end":{"line":51,"column":5}},"line":32},"2":{"name":"(anonymous_2)","decl":{"start":{"line":41,"column":43},"end":{"line":41,"column":44}},"loc":{"start":{"line":41,"column":49},"end":{"line":46,"column":9}},"line":41},"3":{"name":"registerValidSW","decl":{"start":{"line":55,"column":9},"end":{"line":55,"column":24}},"loc":{"start":{"line":55,"column":32},"end":{"line":82,"column":1}},"line":55},"4":{"name":"(anonymous_4)","decl":{"start":{"line":58,"column":10},"end":{"line":58,"column":11}},"loc":{"start":{"line":58,"column":26},"end":{"line":78,"column":5}},"line":58},"5":{"name":"(anonymous_5)","decl":{"start":{"line":59,"column":35},"end":{"line":59,"column":36}},"loc":{"start":{"line":59,"column":41},"end":{"line":77,"column":7}},"line":59},"6":{"name":"(anonymous_6)","decl":{"start":{"line":61,"column":41},"end":{"line":61,"column":42}},"loc":{"start":{"line":61,"column":47},"end":{"line":76,"column":9}},"line":61},"7":{"name":"(anonymous_7)","decl":{"start":{"line":79,"column":11},"end":{"line":79,"column":12}},"loc":{"start":{"line":79,"column":20},"end":{"line":81,"column":5}},"line":79},"8":{"name":"checkValidServiceWorker","decl":{"start":{"line":84,"column":9},"end":{"line":84,"column":32}},"loc":{"start":{"line":84,"column":40},"end":{"line":109,"column":1}},"line":84},"9":{"name":"(anonymous_9)","decl":{"start":{"line":87,"column":10},"end":{"line":87,"column":11}},"loc":{"start":{"line":87,"column":22},"end":{"line":103,"column":5}},"line":87},"10":{"name":"(anonymous_10)","decl":{"start":{"line":94,"column":43},"end":{"line":94,"column":44}},"loc":{"start":{"line":94,"column":59},"end":{"line":98,"column":9}},"line":94},"11":{"name":"(anonymous_11)","decl":{"start":{"line":95,"column":41},"end":{"line":95,"column":42}},"loc":{"start":{"line":95,"column":47},"end":{"line":97,"column":11}},"line":95},"12":{"name":"(anonymous_12)","decl":{"start":{"line":104,"column":11},"end":{"line":104,"column":12}},"loc":{"start":{"line":104,"column":17},"end":{"line":108,"column":5}},"line":104},"13":{"name":"unregister","decl":{"start":{"line":111,"column":16},"end":{"line":111,"column":26}},"loc":{"start":{"line":111,"column":29},"end":{"line":117,"column":1}},"line":111},"14":{"name":"(anonymous_14)","decl":{"start":{"line":113,"column":39},"end":{"line":113,"column":40}},"loc":{"start":{"line":113,"column":55},"end":{"line":115,"column":5}},"line":113}},"branchMap":{"0":{"loc":{"start":{"line":12,"column":2},"end":{"line":18,"column":5}},"type":"binary-expr","locations":[{"start":{"line":12,"column":2},"end":{"line":12,"column":42}},{"start":{"line":14,"column":4},"end":{"line":14,"column":40}},{"start":{"line":16,"column":4},"end":{"line":18,"column":5}}],"line":12},"1":{"loc":{"start":{"line":22,"column":2},"end":{"line":52,"column":3}},"type":"if","locations":[{"start":{"line":22,"column":2},"end":{"line":52,"column":3}},{"start":{"line":22,"column":2},"end":{"line":52,"column":3}}],"line":22},"2":{"loc":{"start":{"line":22,"column":6},"end":{"line":22,"column":75}},"type":"binary-expr","locations":[{"start":{"line":22,"column":6},"end":{"line":22,"column":43}},{"start":{"line":22,"column":47},"end":{"line":22,"column":75}}],"line":22},"3":{"loc":{"start":{"line":25,"column":4},"end":{"line":30,"column":5}},"type":"if","locations":[{"start":{"line":25,"column":4},"end":{"line":30,"column":5}},{"start":{"line":25,"column":4},"end":{"line":30,"column":5}}],"line":25},"4":{"loc":{"start":{"line":35,"column":6},"end":{"line":50,"column":7}},"type":"if","locations":[{"start":{"line":35,"column":6},"end":{"line":50,"column":7}},{"start":{"line":35,"column":6},"end":{"line":50,"column":7}}],"line":35},"5":{"loc":{"start":{"line":62,"column":10},"end":{"line":75,"column":11}},"type":"if","locations":[{"start":{"line":62,"column":10},"end":{"line":75,"column":11}},{"start":{"line":62,"column":10},"end":{"line":75,"column":11}}],"line":62},"6":{"loc":{"start":{"line":63,"column":12},"end":{"line":74,"column":13}},"type":"if","locations":[{"start":{"line":63,"column":12},"end":{"line":74,"column":13}},{"start":{"line":63,"column":12},"end":{"line":74,"column":13}}],"line":63},"7":{"loc":{"start":{"line":89,"column":6},"end":{"line":102,"column":7}},"type":"if","locations":[{"start":{"line":89,"column":6},"end":{"line":102,"column":7}},{"start":{"line":89,"column":6},"end":{"line":102,"column":7}}],"line":89},"8":{"loc":{"start":{"line":90,"column":8},"end":{"line":91,"column":73}},"type":"binary-expr","locations":[{"start":{"line":90,"column":8},"end":{"line":90,"column":31}},{"start":{"line":91,"column":8},"end":{"line":91,"column":73}}],"line":90},"9":{"loc":{"start":{"line":112,"column":2},"end":{"line":116,"column":3}},"type":"if","locations":[{"start":{"line":112,"column":2},"end":{"line":116,"column":3}},{"start":{"line":112,"column":2},"end":{"line":116,"column":3}}],"line":112}},"s":{"0":0,"1":0,"2":0,"3":0,"4":0,"5":0,"6":0,"7":0,"8":0,"9":0,"10":0,"11":0,"12":0,"13":0,"14":0,"15":0,"16":0,"17":0,"18":0,"19":0,"20":0,"21":0,"22":0,"23":0,"24":0,"25":0,"26":0,"27":0,"28":0,"29":0,"30":0},"f":{"0":0,"1":0,"2":0,"3":0,"4":0,"5":0,"6":0,"7":0,"8":0,"9":0,"10":0,"11":0,"12":0,"13":0,"14":0},"b":{"0":[0,0,0],"1":[0,0],"2":[0,0],"3":[0,0],"4":[0,0],"5":[0,0],"6":[0,0],"7":[0,0],"8":[0,0],"9":[0,0]}}
,"D:\\Projects\\Github\\React-Starter-App\\src\\store.js": {"path":"D:\\Projects\\Github\\React-Starter-App\\src\\store.js","statementMap":{"0":{"start":{"line":15,"column":23},"end":{"line":18,"column":2}},"1":{"start":{"line":20,"column":20},"end":{"line":20,"column":62}},"2":{"start":{"line":22,"column":18},"end":{"line":22,"column":51}},"3":{"start":{"line":26,"column":2},"end":{"line":30,"column":13}},"4":{"start":{"line":32,"column":0},"end":{"line":38,"column":1}},"5":{"start":{"line":34,"column":2},"end":{"line":37,"column":5}},"6":{"start":{"line":35,"column":28},"end":{"line":35,"column":57}},"7":{"start":{"line":36,"column":4},"end":{"line":36,"column":51}},"8":{"start":{"line":40,"column":14},"end":{"line":43,"column":1}}},"fnMap":{"0":{"name":"(anonymous_0)","decl":{"start":{"line":34,"column":34},"end":{"line":34,"column":35}},"loc":{"start":{"line":34,"column":40},"end":{"line":37,"column":3}},"line":34}},"branchMap":{"0":{"loc":{"start":{"line":26,"column":2},"end":{"line":30,"column":13}},"type":"cond-expr","locations":[{"start":{"line":29,"column":6},"end":{"line":29,"column":53}},{"start":{"line":30,"column":6},"end":{"line":30,"column":13}}],"line":26},"1":{"loc":{"start":{"line":26,"column":2},"end":{"line":28,"column":45}},"type":"binary-expr","locations":[{"start":{"line":26,"column":2},"end":{"line":26,"column":39}},{"start":{"line":27,"column":2},"end":{"line":27,"column":28}},{"start":{"line":28,"column":2},"end":{"line":28,"column":45}}],"line":26},"2":{"loc":{"start":{"line":32,"column":0},"end":{"line":38,"column":1}},"type":"if","locations":[{"start":{"line":32,"column":0},"end":{"line":38,"column":1}},{"start":{"line":32,"column":0},"end":{"line":38,"column":1}}],"line":32}},"s":{"0":0,"1":0,"2":0,"3":0,"4":0,"5":0,"6":0,"7":0,"8":0},"f":{"0":0},"b":{"0":[0,0],"1":[0,0,0],"2":[0,0]}}
,"D:\\Projects\\Github\\React-Starter-App\\src\\theme.js": {"path":"D:\\Projects\\Github\\React-Starter-App\\src\\theme.js","statementMap":{"0":{"start":{"line":16,"column":14},"end":{"line":24,"column":2}}},"fnMap":{},"branchMap":{},"s":{"0":0},"f":{},"b":{}}
,"D:\\Projects\\Github\\React-Starter-App\\src\\components\\Dashboard\\index.js": {"path":"D:\\Projects\\Github\\React-Starter-App\\src\\components\\Dashboard\\index.js","statementMap":{"0":{"start":{"line":14,"column":18},"end":{"line":20,"column":1}},"1":{"start":{"line":15,"column":2},"end":{"line":19,"column":4}},"2":{"start":{"line":22,"column":17},"end":{"line":22,"column":26}},"3":{"start":{"line":23,"column":0},"end":{"line":23,"column":25}}},"fnMap":{"0":{"name":"(anonymous_0)","decl":{"start":{"line":14,"column":18},"end":{"line":14,"column":19}},"loc":{"start":{"line":14,"column":27},"end":{"line":20,"column":1}},"line":14}},"branchMap":{},"s":{"0":1,"1":2,"2":1,"3":1},"f":{"0":2},"b":{},"_coverageSchema":"43e27e138ebf9cfc5966b082cf9a028302ed4184","hash":"4a6857d7cbda056618284e2777b453aad7e51d15"}
,"D:\\Projects\\Github\\React-Starter-App\\src\\components\\Dashboard\\messages.js": {"path":"D:\\Projects\\Github\\React-Starter-App\\src\\components\\Dashboard\\messages.js","statementMap":{},"fnMap":{},"branchMap":{},"s":{},"f":{},"b":{},"_coverageSchema":"43e27e138ebf9cfc5966b082cf9a028302ed4184","hash":"4b0cc019d6e25db828cb196602f30d837c4154f1"}
,"D:\\Projects\\Github\\React-Starter-App\\src\\components\\Footer\\index.js": {"path":"D:\\Projects\\Github\\React-Starter-App\\src\\components\\Footer\\index.js","statementMap":{"0":{"start":{"line":16,"column":15},"end":{"line":98,"column":1}},"1":{"start":{"line":17,"column":18},"end":{"line":21,"column":3}},"2":{"start":{"line":24,"column":4},"end":{"line":31,"column":9}},"3":{"start":{"line":34,"column":22},"end":{"line":38,"column":4}},"4":{"start":{"line":35,"column":4},"end":{"line":37,"column":9}},"5":{"start":{"line":40,"column":24},"end":{"line":40,"column":29}},"6":{"start":{"line":42,"column":2},"end":{"line":97,"column":4}},"7":{"start":{"line":100,"column":17},"end":{"line":100,"column":26}},"8":{"start":{"line":101,"column":0},"end":{"line":103,"column":2}}},"fnMap":{"0":{"name":"(anonymous_0)","decl":{"start":{"line":16,"column":15},"end":{"line":16,"column":16}},"loc":{"start":{"line":16,"column":24},"end":{"line":98,"column":1}},"line":16},"1":{"name":"(anonymous_1)","decl":{"start":{"line":34,"column":36},"end":{"line":34,"column":37}},"loc":{"start":{"line":35,"column":4},"end":{"line":37,"column":9}},"line":35}},"branchMap":{"0":{"loc":{"start":{"line":45,"column":9},"end":{"line":72,"column":9}},"type":"cond-expr","locations":[{"start":{"line":46,"column":10},"end":{"line":46,"column":67}},{"start":{"line":48,"column":10},"end":{"line":71,"column":16}}],"line":45}},"s":{"0":1,"1":2,"2":2,"3":2,"4":6,"5":2,"6":2,"7":1,"8":1},"f":{"0":2,"1":6},"b":{"0":[0,2]},"_coverageSchema":"43e27e138ebf9cfc5966b082cf9a028302ed4184","hash":"b173374771d869ed1ea3d8f3e5bb1f538029629e"}
,"D:\\Projects\\Github\\React-Starter-App\\src\\components\\Footer\\messages.js": {"path":"D:\\Projects\\Github\\React-Starter-App\\src\\components\\Footer\\messages.js","statementMap":{},"fnMap":{},"branchMap":{},"s":{},"f":{},"b":{},"_coverageSchema":"43e27e138ebf9cfc5966b082cf9a028302ed4184","hash":"e3785b419f20a57aeb98b0dfa170e25d7da48581"}
,"D:\\Projects\\Github\\React-Starter-App\\src\\components\\Header\\index.js": {"path":"D:\\Projects\\Github\\React-Starter-App\\src\\components\\Header\\index.js","statementMap":{"0":{"start":{"line":23,"column":18},"end":{"line":34,"column":1}},"1":{"start":{"line":36,"column":15},"end":{"line":76,"column":1}},"2":{"start":{"line":37,"column":22},"end":{"line":37,"column":27}},"3":{"start":{"line":39,"column":20},"end":{"line":39,"column":60}},"4":{"start":{"line":39,"column":29},"end":{"line":39,"column":60}},"5":{"start":{"line":40,"column":21},"end":{"line":40,"column":62}},"6":{"start":{"line":40,"column":30},"end":{"line":40,"column":62}},"7":{"start":{"line":41,"column":19},"end":{"line":41,"column":58}},"8":{"start":{"line":41,"column":28},"end":{"line":41,"column":58}},"9":{"start":{"line":42,"column":19},"end":{"line":42,"column":58}},"10":{"start":{"line":42,"column":28},"end":{"line":42,"column":58}},"11":{"start":{"line":44,"column":2},"end":{"line":75,"column":4}},"12":{"start":{"line":78,"column":25},"end":{"line":78,"column":34}},"13":{"start":{"line":80,"column":0},"end":{"line":82,"column":2}}},"fnMap":{"0":{"name":"(anonymous_0)","decl":{"start":{"line":36,"column":15},"end":{"line":36,"column":16}},"loc":{"start":{"line":36,"column":24},"end":{"line":76,"column":1}},"line":36},"1":{"name":"(anonymous_1)","decl":{"start":{"line":39,"column":20},"end":{"line":39,"column":21}},"loc":{"start":{"line":39,"column":29},"end":{"line":39,"column":60}},"line":39},"2":{"name":"(anonymous_2)","decl":{"start":{"line":40,"column":21},"end":{"line":40,"column":22}},"loc":{"start":{"line":40,"column":30},"end":{"line":40,"column":62}},"line":40},"3":{"name":"(anonymous_3)","decl":{"start":{"line":41,"column":19},"end":{"line":41,"column":20}},"loc":{"start":{"line":41,"column":28},"end":{"line":41,"column":58}},"line":41},"4":{"name":"(anonymous_4)","decl":{"start":{"line":42,"column":19},"end":{"line":42,"column":20}},"loc":{"start":{"line":42,"column":28},"end":{"line":42,"column":58}},"line":42}},"branchMap":{},"s":{"0":1,"1":1,"2":0,"3":0,"4":0,"5":0,"6":0,"7":0,"8":0,"9":0,"10":0,"11":0,"12":1,"13":1},"f":{"0":0,"1":0,"2":0,"3":0,"4":0},"b":{},"_coverageSchema":"43e27e138ebf9cfc5966b082cf9a028302ed4184","hash":"93109abd65a3b3a899f5b489ab40eaddaf783d1c"}
,"D:\\Projects\\Github\\React-Starter-App\\src\\components\\Header\\messages.js": {"path":"D:\\Projects\\Github\\React-Starter-App\\src\\components\\Header\\messages.js","statementMap":{},"fnMap":{},"branchMap":{},"s":{},"f":{},"b":{},"_coverageSchema":"43e27e138ebf9cfc5966b082cf9a028302ed4184","hash":"b74515d79ce3adee05278709b250e01335851d99"}
,"D:\\Projects\\Github\\React-Starter-App\\src\\components\\LoadingIndicator\\index.js": {"path":"D:\\Projects\\Github\\React-Starter-App\\src\\components\\LoadingIndicator\\index.js","statementMap":{"0":{"start":{"line":15,"column":17},"end":{"line":19,"column":2}},"1":{"start":{"line":15,"column":27},"end":{"line":19,"column":1}},"2":{"start":{"line":21,"column":25},"end":{"line":30,"column":1}},"3":{"start":{"line":22,"column":31},"end":{"line":22,"column":36}},"4":{"start":{"line":24,"column":2},"end":{"line":29,"column":4}},"5":{"start":{"line":32,"column":27},"end":{"line":32,"column":36}},"6":{"start":{"line":34,"column":0},"end":{"line":37,"column":2}}},"fnMap":{"0":{"name":"(anonymous_0)","decl":{"start":{"line":15,"column":17},"end":{"line":15,"column":18}},"loc":{"start":{"line":15,"column":27},"end":{"line":19,"column":1}},"line":15},"1":{"name":"(anonymous_1)","decl":{"start":{"line":21,"column":25},"end":{"line":21,"column":26}},"loc":{"start":{"line":21,"column":34},"end":{"line":30,"column":1}},"line":21}},"branchMap":{},"s":{"0":3,"1":1,"2":3,"3":0,"4":0,"5":3,"6":3},"f":{"0":1,"1":0},"b":{},"_coverageSchema":"43e27e138ebf9cfc5966b082cf9a028302ed4184","hash":"dc72d76d6694f36cbf34c59cf865cc01f87a280a"}
,"D:\\Projects\\Github\\React-Starter-App\\src\\components\\Message\\index.js": {"path":"D:\\Projects\\Github\\React-Starter-App\\src\\components\\Message\\index.js","statementMap":{"0":{"start":{"line":14,"column":16},"end":{"line":22,"column":1}},"1":{"start":{"line":15,"column":20},"end":{"line":15,"column":25}},"2":{"start":{"line":17,"column":2},"end":{"line":21,"column":4}},"3":{"start":{"line":24,"column":32},"end":{"line":24,"column":41}},"4":{"start":{"line":25,"column":0},"end":{"line":30,"column":2}}},"fnMap":{"0":{"name":"(anonymous_0)","decl":{"start":{"line":14,"column":16},"end":{"line":14,"column":17}},"loc":{"start":{"line":14,"column":25},"end":{"line":22,"column":1}},"line":14}},"branchMap":{},"s":{"0":2,"1":2,"2":2,"3":2,"4":2},"f":{"0":2},"b":{},"_coverageSchema":"43e27e138ebf9cfc5966b082cf9a028302ed4184","hash":"7df7c0f863a5e2827db32c1ce101aeed77dd3c1a"}
,"D:\\Projects\\Github\\React-Starter-App\\src\\components\\Message\\messages.js": {"path":"D:\\Projects\\Github\\React-Starter-App\\src\\components\\Message\\messages.js","statementMap":{},"fnMap":{},"branchMap":{},"s":{},"f":{},"b":{},"_coverageSchema":"43e27e138ebf9cfc5966b082cf9a028302ed4184","hash":"e3414b195cd19f44a56f499f9c4b6e33a0959e6e"}
,"D:\\Projects\\Github\\React-Starter-App\\src\\components\\NavigationDrawer\\index.js": {"path":"D:\\Projects\\Github\\React-Starter-App\\src\\components\\NavigationDrawer\\index.js","statementMap":{"0":{"start":{"line":25,"column":18},"end":{"line":32,"column":1}},"1":{"start":{"line":34,"column":25},"end":{"line":152,"column":1}},"2":{"start":{"line":35,"column":50},"end":{"line":35,"column":55}},"3":{"start":{"line":38,"column":4},"end":{"line":60,"column":10}},"4":{"start":{"line":41,"column":10},"end":{"line":46,"column":21}},"5":{"start":{"line":52,"column":10},"end":{"line":57,"column":21}},"6":{"start":{"line":64,"column":4},"end":{"line":86,"column":10}},"7":{"start":{"line":67,"column":10},"end":{"line":72,"column":21}},"8":{"start":{"line":78,"column":10},"end":{"line":83,"column":21}},"9":{"start":{"line":89,"column":2},"end":{"line":151,"column":4}},"10":{"start":{"line":91,"column":29},"end":{"line":91,"column":55}},"11":{"start":{"line":92,"column":29},"end":{"line":92,"column":56}},"12":{"start":{"line":93,"column":29},"end":{"line":93,"column":54}},"13":{"start":{"line":94,"column":29},"end":{"line":94,"column":57}},"14":{"start":{"line":97,"column":23},"end":{"line":97,"column":50}},"15":{"start":{"line":102,"column":25},"end":{"line":102,"column":52}},"16":{"start":{"line":103,"column":27},"end":{"line":103,"column":54}},"17":{"start":{"line":111,"column":23},"end":{"line":111,"column":49}},"18":{"start":{"line":116,"column":25},"end":{"line":116,"column":51}},"19":{"start":{"line":117,"column":27},"end":{"line":117,"column":53}},"20":{"start":{"line":125,"column":23},"end":{"line":125,"column":52}},"21":{"start":{"line":130,"column":25},"end":{"line":130,"column":54}},"22":{"start":{"line":131,"column":27},"end":{"line":131,"column":56}},"23":{"start":{"line":139,"column":23},"end":{"line":139,"column":51}},"24":{"start":{"line":144,"column":25},"end":{"line":144,"column":53}},"25":{"start":{"line":145,"column":27},"end":{"line":145,"column":55}},"26":{"start":{"line":154,"column":17},"end":{"line":154,"column":26}},"27":{"start":{"line":156,"column":0},"end":{"line":163,"column":2}}},"fnMap":{"0":{"name":"(anonymous_0)","decl":{"start":{"line":34,"column":25},"end":{"line":34,"column":26}},"loc":{"start":{"line":34,"column":34},"end":{"line":152,"column":1}},"line":34},"1":{"name":"(anonymous_1)","decl":{"start":{"line":40,"column":58},"end":{"line":40,"column":59}},"loc":{"start":{"line":41,"column":10},"end":{"line":46,"column":21}},"line":41},"2":{"name":"(anonymous_2)","decl":{"start":{"line":51,"column":43},"end":{"line":51,"column":44}},"loc":{"start":{"line":52,"column":10},"end":{"line":57,"column":21}},"line":52},"3":{"name":"(anonymous_3)","decl":{"start":{"line":66,"column":58},"end":{"line":66,"column":59}},"loc":{"start":{"line":67,"column":10},"end":{"line":72,"column":21}},"line":67},"4":{"name":"(anonymous_4)","decl":{"start":{"line":77,"column":43},"end":{"line":77,"column":44}},"loc":{"start":{"line":78,"column":10},"end":{"line":83,"column":21}},"line":78},"5":{"name":"(anonymous_5)","decl":{"start":{"line":91,"column":23},"end":{"line":91,"column":24}},"loc":{"start":{"line":91,"column":29},"end":{"line":91,"column":55}},"line":91},"6":{"name":"(anonymous_6)","decl":{"start":{"line":92,"column":23},"end":{"line":92,"column":24}},"loc":{"start":{"line":92,"column":29},"end":{"line":92,"column":56}},"line":92},"7":{"name":"(anonymous_7)","decl":{"start":{"line":93,"column":23},"end":{"line":93,"column":24}},"loc":{"start":{"line":93,"column":29},"end":{"line":93,"column":54}},"line":93},"8":{"name":"(anonymous_8)","decl":{"start":{"line":94,"column":23},"end":{"line":94,"column":24}},"loc":{"start":{"line":94,"column":29},"end":{"line":94,"column":57}},"line":94},"9":{"name":"(anonymous_9)","decl":{"start":{"line":97,"column":17},"end":{"line":97,"column":18}},"loc":{"start":{"line":97,"column":23},"end":{"line":97,"column":50}},"line":97},"10":{"name":"(anonymous_10)","decl":{"start":{"line":102,"column":19},"end":{"line":102,"column":20}},"loc":{"start":{"line":102,"column":25},"end":{"line":102,"column":52}},"line":102},"11":{"name":"(anonymous_11)","decl":{"start":{"line":103,"column":21},"end":{"line":103,"column":22}},"loc":{"start":{"line":103,"column":27},"end":{"line":103,"column":54}},"line":103},"12":{"name":"(anonymous_12)","decl":{"start":{"line":111,"column":17},"end":{"line":111,"column":18}},"loc":{"start":{"line":111,"column":23},"end":{"line":111,"column":49}},"line":111},"13":{"name":"(anonymous_13)","decl":{"start":{"line":116,"column":19},"end":{"line":116,"column":20}},"loc":{"start":{"line":116,"column":25},"end":{"line":116,"column":51}},"line":116},"14":{"name":"(anonymous_14)","decl":{"start":{"line":117,"column":21},"end":{"line":117,"column":22}},"loc":{"start":{"line":117,"column":27},"end":{"line":117,"column":53}},"line":117},"15":{"name":"(anonymous_15)","decl":{"start":{"line":125,"column":17},"end":{"line":125,"column":18}},"loc":{"start":{"line":125,"column":23},"end":{"line":125,"column":52}},"line":125},"16":{"name":"(anonymous_16)","decl":{"start":{"line":130,"column":19},"end":{"line":130,"column":20}},"loc":{"start":{"line":130,"column":25},"end":{"line":130,"column":54}},"line":130},"17":{"name":"(anonymous_17)","decl":{"start":{"line":131,"column":21},"end":{"line":131,"column":22}},"loc":{"start":{"line":131,"column":27},"end":{"line":131,"column":56}},"line":131},"18":{"name":"(anonymous_18)","decl":{"start":{"line":139,"column":17},"end":{"line":139,"column":18}},"loc":{"start":{"line":139,"column":23},"end":{"line":139,"column":51}},"line":139},"19":{"name":"(anonymous_19)","decl":{"start":{"line":144,"column":19},"end":{"line":144,"column":20}},"loc":{"start":{"line":144,"column":25},"end":{"line":144,"column":53}},"line":144},"20":{"name":"(anonymous_20)","decl":{"start":{"line":145,"column":21},"end":{"line":145,"column":22}},"loc":{"start":{"line":145,"column":27},"end":{"line":145,"column":55}},"line":145}},"branchMap":{"0":{"loc":{"start":{"line":43,"column":15},"end":{"line":43,"column":61}},"type":"cond-expr","locations":[{"start":{"line":43,"column":33},"end":{"line":43,"column":46}},{"start":{"line":43,"column":49},"end":{"line":43,"column":61}}],"line":43},"1":{"loc":{"start":{"line":54,"column":15},"end":{"line":54,"column":61}},"type":"cond-expr","locations":[{"start":{"line":54,"column":33},"end":{"line":54,"column":46}},{"start":{"line":54,"column":49},"end":{"line":54,"column":61}}],"line":54},"2":{"loc":{"start":{"line":69,"column":15},"end":{"line":69,"column":61}},"type":"cond-expr","locations":[{"start":{"line":69,"column":33},"end":{"line":69,"column":46}},{"start":{"line":69,"column":49},"end":{"line":69,"column":61}}],"line":69},"3":{"loc":{"start":{"line":80,"column":15},"end":{"line":80,"column":61}},"type":"cond-expr","locations":[{"start":{"line":80,"column":33},"end":{"line":80,"column":46}},{"start":{"line":80,"column":49},"end":{"line":80,"column":61}}],"line":80}},"s":{"0":2,"1":2,"2":0,"3":0,"4":0,"5":0,"6":0,"7":0,"8":0,"9":0,"10":0,"11":0,"12":0,"13":0,"14":0,"15":0,"16":0,"17":0,"18":0,"19":0,"20":0,"21":0,"22":0,"23":0,"24":0,"25":0,"26":2,"27":2},"f":{"0":0,"1":0,"2":0,"3":0,"4":0,"5":0,"6":0,"7":0,"8":0,"9":0,"10":0,"11":0,"12":0,"13":0,"14":0,"15":0,"16":0,"17":0,"18":0,"19":0,"20":0},"b":{"0":[0,0],"1":[0,0],"2":[0,0],"3":[0,0]},"_coverageSchema":"43e27e138ebf9cfc5966b082cf9a028302ed4184","hash":"1948e1dc05e359638ebe0c61ead7c83b72c3356e"}
,"D:\\Projects\\Github\\React-Starter-App\\src\\components\\NavigationDrawer\\messages.js": {"path":"D:\\Projects\\Github\\React-Starter-App\\src\\components\\NavigationDrawer\\messages.js","statementMap":{},"fnMap":{},"branchMap":{},"s":{},"f":{},"b":{},"_coverageSchema":"43e27e138ebf9cfc5966b082cf9a028302ed4184","hash":"d6762d0dd2f7a73bb3c4d0e6ad977963890ce12a"}
,"D:\\Projects\\Github\\React-Starter-App\\src\\components\\Notification\\index.js": {"path":"D:\\Projects\\Github\\React-Starter-App\\src\\components\\Notification\\index.js","statementMap":{"0":{"start":{"line":16,"column":21},"end":{"line":27,"column":1}},"1":{"start":{"line":17,"column":2},"end":{"line":26,"column":4}},"2":{"start":{"line":29,"column":0},"end":{"line":29,"column":28}}},"fnMap":{"0":{"name":"(anonymous_0)","decl":{"start":{"line":16,"column":21},"end":{"line":16,"column":22}},"loc":{"start":{"line":16,"column":30},"end":{"line":27,"column":1}},"line":16}},"branchMap":{},"s":{"0":1,"1":1,"2":1},"f":{"0":1},"b":{},"_coverageSchema":"43e27e138ebf9cfc5966b082cf9a028302ed4184","hash":"ab713340f684d8a4938d8e996dde3cf32a6abe35"}
,"D:\\Projects\\Github\\React-Starter-App\\src\\components\\Notification\\messages.js": {"path":"D:\\Projects\\Github\\React-Starter-App\\src\\components\\Notification\\messages.js","statementMap":{},"fnMap":{},"branchMap":{},"s":{},"f":{},"b":{},"_coverageSchema":"43e27e138ebf9cfc5966b082cf9a028302ed4184","hash":"d5d76c3ff3ee417d284d27f8d14cc3769b7f285d"}
,"D:\\Projects\\Github\\React-Starter-App\\src\\components\\Page404\\index.js": {"path":"D:\\Projects\\Github\\React-Starter-App\\src\\components\\Page404\\index.js","statementMap":{"0":{"start":{"line":14,"column":16},"end":{"line":21,"column":1}},"1":{"start":{"line":15,"column":2},"end":{"line":20,"column":4}},"2":{"start":{"line":23,"column":17},"end":{"line":23,"column":26}},"3":{"start":{"line":24,"column":0},"end":{"line":24,"column":23}}},"fnMap":{"0":{"name":"(anonymous_0)","decl":{"start":{"line":14,"column":16},"end":{"line":14,"column":17}},"loc":{"start":{"line":14,"column":25},"end":{"line":21,"column":1}},"line":14}},"branchMap":{},"s":{"0":1,"1":1,"2":1,"3":1},"f":{"0":1},"b":{},"_coverageSchema":"43e27e138ebf9cfc5966b082cf9a028302ed4184","hash":"91b757746c900e90d2008240b7fc94acd4a31d88"}
,"D:\\Projects\\Github\\React-Starter-App\\src\\components\\Page404\\messages.js": {"path":"D:\\Projects\\Github\\React-Starter-App\\src\\components\\Page404\\messages.js","statementMap":{},"fnMap":{},"branchMap":{},"s":{},"f":{},"b":{},"_coverageSchema":"43e27e138ebf9cfc5966b082cf9a028302ed4184","hash":"2ab4eb9114abaf803ffc2880b1101056be69e052"}
,"D:\\Projects\\Github\\React-Starter-App\\src\\components\\PostList\\index.js": {"path":"D:\\Projects\\Github\\React-Starter-App\\src\\components\\PostList\\index.js","statementMap":{"0":{"start":{"line":25,"column":18},"end":{"line":41,"column":2}},"1":{"start":{"line":25,"column":28},"end":{"line":41,"column":1}},"2":{"start":{"line":43,"column":17},"end":{"line":79,"column":1}},"3":{"start":{"line":44,"column":41},"end":{"line":44,"column":46}},"4":{"start":{"line":46,"column":20},"end":{"line":76,"column":4}},"5":{"start":{"line":47,"column":4},"end":{"line":75,"column":10}},"6":{"start":{"line":67,"column":14},"end":{"line":67,"column":41}},"7":{"start":{"line":78,"column":2},"end":{"line":78,"column":60}},"8":{"start":{"line":81,"column":25},"end":{"line":81,"column":34}},"9":{"start":{"line":82,"column":0},"end":{"line":84,"column":2}}},"fnMap":{"0":{"name":"(anonymous_0)","decl":{"start":{"line":25,"column":18},"end":{"line":25,"column":19}},"loc":{"start":{"line":25,"column":28},"end":{"line":41,"column":1}},"line":25},"1":{"name":"(anonymous_1)","decl":{"start":{"line":43,"column":17},"end":{"line":43,"column":18}},"loc":{"start":{"line":43,"column":26},"end":{"line":79,"column":1}},"line":43},"2":{"name":"(anonymous_2)","decl":{"start":{"line":46,"column":30},"end":{"line":46,"column":31}},"loc":{"start":{"line":47,"column":4},"end":{"line":75,"column":10}},"line":47},"3":{"name":"(anonymous_3)","decl":{"start":{"line":66,"column":21},"end":{"line":66,"column":22}},"loc":{"start":{"line":66,"column":27},"end":{"line":68,"column":13}},"line":66}},"branchMap":{},"s":{"0":2,"1":1,"2":2,"3":1,"4":1,"5":3,"6":0,"7":1,"8":2,"9":2},"f":{"0":1,"1":1,"2":3,"3":0},"b":{},"_coverageSchema":"43e27e138ebf9cfc5966b082cf9a028302ed4184","hash":"e7a80ade605ac0565697a87da2b39342b4836380"}
,"D:\\Projects\\Github\\React-Starter-App\\src\\components\\PostList\\messages.js": {"path":"D:\\Projects\\Github\\React-Starter-App\\src\\components\\PostList\\messages.js","statementMap":{},"fnMap":{},"branchMap":{},"s":{},"f":{},"b":{},"_coverageSchema":"43e27e138ebf9cfc5966b082cf9a028302ed4184","hash":"1b898870c3c36469496c69f27c41f62cb57be5ce"}
,"D:\\Projects\\Github\\React-Starter-App\\src\\components\\TodoList\\index.js": {"path":"D:\\Projects\\Github\\React-Starter-App\\src\\components\\TodoList\\index.js","statementMap":{"0":{"start":{"line":22,"column":18},"end":{"line":26,"column":1}},"1":{"start":{"line":28,"column":17},"end":{"line":53,"column":1}},"2":{"start":{"line":29,"column":29},"end":{"line":29,"column":34}},"3":{"start":{"line":31,"column":20},"end":{"line":50,"column":4}},"4":{"start":{"line":32,"column":4},"end":{"line":49,"column":11}},"5":{"start":{"line":52,"column":2},"end":{"line":52,"column":60}},"6":{"start":{"line":55,"column":0},"end":{"line":64,"column":2}}},"fnMap":{"0":{"name":"(anonymous_0)","decl":{"start":{"line":28,"column":17},"end":{"line":28,"column":18}},"loc":{"start":{"line":28,"column":26},"end":{"line":53,"column":1}},"line":28},"1":{"name":"(anonymous_1)","decl":{"start":{"line":31,"column":30},"end":{"line":31,"column":31}},"loc":{"start":{"line":32,"column":4},"end":{"line":49,"column":11}},"line":32}},"branchMap":{"0":{"loc":{"start":{"line":46,"column":11},"end":{"line":46,"column":57}},"type":"cond-expr","locations":[{"start":{"line":46,"column":28},"end":{"line":46,"column":39}},{"start":{"line":46,"column":42},"end":{"line":46,"column":57}}],"line":46}},"s":{"0":2,"1":2,"2":1,"3":1,"4":2,"5":1,"6":2},"f":{"0":1,"1":2},"b":{"0":[0,2]},"_coverageSchema":"43e27e138ebf9cfc5966b082cf9a028302ed4184","hash":"1f3dc8c653a0599c7358df4ca08b3c67a7cfcdf9"}
,"D:\\Projects\\Github\\React-Starter-App\\src\\components\\TodoList\\messages.js": {"path":"D:\\Projects\\Github\\React-Starter-App\\src\\components\\TodoList\\messages.js","statementMap":{},"fnMap":{},"branchMap":{},"s":{},"f":{},"b":{},"_coverageSchema":"43e27e138ebf9cfc5966b082cf9a028302ed4184","hash":"b2a5ab99cd13a763f990fbe9dad7c2c8be1b4a47"}
,"D:\\Projects\\Github\\React-Starter-App\\src\\containers\\Login\\actions.js": {"path":"D:\\Projects\\Github\\React-Starter-App\\src\\containers\\Login\\actions.js","statementMap":{"0":{"start":{"line":10,"column":2},"end":{"line":12,"column":4}}},"fnMap":{"0":{"name":"defaultAction","decl":{"start":{"line":9,"column":16},"end":{"line":9,"column":29}},"loc":{"start":{"line":9,"column":32},"end":{"line":13,"column":1}},"line":9}},"branchMap":{},"s":{"0":1},"f":{"0":1},"b":{},"_coverageSchema":"43e27e138ebf9cfc5966b082cf9a028302ed4184","hash":"a768d4603a224b74eaba55d44a9f6069ffa5e915"}
,"D:\\Projects\\Github\\React-Starter-App\\src\\containers\\Login\\constants.js": {"path":"D:\\Projects\\Github\\React-Starter-App\\src\\containers\\Login\\constants.js","statementMap":{"0":{"start":{"line":7,"column":30},"end":{"line":7,"column":56}}},"fnMap":{},"branchMap":{},"s":{"0":3},"f":{},"b":{},"_coverageSchema":"43e27e138ebf9cfc5966b082cf9a028302ed4184","hash":"8b70cbb410c5812db1b198b81c0d6c2443006223"}
,"D:\\Projects\\Github\\React-Starter-App\\src\\containers\\Login\\index.js": {"path":"D:\\Projects\\Github\\React-Starter-App\\src\\containers\\Login\\index.js","statementMap":{"0":{"start":{"line":25,"column":4},"end":{"line":35,"column":6}},"1":{"start":{"line":39,"column":19},"end":{"line":39,"column":28}},"2":{"start":{"line":40,"column":2},"end":{"line":40,"column":23}},"3":{"start":{"line":44,"column":24},"end":{"line":48,"column":1}},"4":{"start":{"line":45,"column":4},"end":{"line":47,"column":6}}},"fnMap":{"0":{"name":"(anonymous_0)","decl":{"start":{"line":21,"column":2},"end":{"line":21,"column":3}},"loc":{"start":{"line":21,"column":23},"end":{"line":22,"column":3}},"line":21},"1":{"name":"(anonymous_1)","decl":{"start":{"line":24,"column":2},"end":{"line":24,"column":3}},"loc":{"start":{"line":24,"column":11},"end":{"line":36,"column":3}},"line":24},"2":{"name":"(anonymous_2)","decl":{"start":{"line":44,"column":24},"end":{"line":44,"column":25}},"loc":{"start":{"line":44,"column":35},"end":{"line":48,"column":1}},"line":44}},"branchMap":{},"s":{"0":0,"1":1,"2":1,"3":1,"4":0},"f":{"0":0,"1":0,"2":0},"b":{},"_coverageSchema":"43e27e138ebf9cfc5966b082cf9a028302ed4184","hash":"49e987986b5860165b69c093722d176dc9803d3a"}
,"D:\\Projects\\Github\\React-Starter-App\\src\\containers\\Login\\messages.js": {"path":"D:\\Projects\\Github\\React-Starter-App\\src\\containers\\Login\\messages.js","statementMap":{},"fnMap":{},"branchMap":{},"s":{},"f":{},"b":{},"_coverageSchema":"43e27e138ebf9cfc5966b082cf9a028302ed4184","hash":"bd4aa2ecc6038a5cd2bcd0fa9e557aaf701b6551"}
,"D:\\Projects\\Github\\React-Starter-App\\src\\containers\\Login\\reducer.js": {"path":"D:\\Projects\\Github\\React-Starter-App\\src\\containers\\Login\\reducer.js","statementMap":{"0":{"start":{"line":14,"column":21},"end":{"line":15,"column":1}},"1":{"start":{"line":17,"column":21},"end":{"line":27,"column":1}},"2":{"start":{"line":19,"column":2},"end":{"line":26,"column":3}},"3":{"start":{"line":21,"column":6},"end":{"line":22,"column":8}},"4":{"start":{"line":23,"column":6},"end":{"line":23,"column":22}},"5":{"start":{"line":25,"column":6},"end":{"line":25,"column":19}}},"fnMap":{"0":{"name":"(anonymous_0)","decl":{"start":{"line":17,"column":21},"end":{"line":17,"column":22}},"loc":{"start":{"line":17,"column":55},"end":{"line":27,"column":1}},"line":17}},"branchMap":{"0":{"loc":{"start":{"line":17,"column":22},"end":{"line":17,"column":42}},"type":"default-arg","locations":[{"start":{"line":17,"column":30},"end":{"line":17,"column":42}}],"line":17},"1":{"loc":{"start":{"line":19,"column":2},"end":{"line":26,"column":3}},"type":"switch","locations":[{"start":{"line":20,"column":4},"end":{"line":23,"column":22}},{"start":{"line":24,"column":4},"end":{"line":25,"column":19}}],"line":19}},"s":{"0":1,"1":1,"2":1,"3":0,"4":0,"5":1},"f":{"0":1},"b":{"0":[1],"1":[0,1]},"_coverageSchema":"43e27e138ebf9cfc5966b082cf9a028302ed4184","hash":"45ffc5bf009fa8d093e6692354d0b5ede1d7bf67"}
,"D:\\Projects\\Github\\React-Starter-App\\src\\containers\\Login\\thunks.js": {"path":"D:\\Projects\\Github\\React-Starter-App\\src\\containers\\Login\\thunks.js","statementMap":{},"fnMap":{},"branchMap":{},"s":{},"f":{},"b":{},"_coverageSchema":"43e27e138ebf9cfc5966b082cf9a028302ed4184","hash":"07b0e5e73199c91245100d40e8fd0937c2609712"}
,"D:\\Projects\\Github\\React-Starter-App\\src\\containers\\Navigation\\actions.js": {"path":"D:\\Projects\\Github\\React-Starter-App\\src\\containers\\Navigation\\actions.js","statementMap":{"0":{"start":{"line":10,"column":2},"end":{"line":13,"column":4}}},"fnMap":{"0":{"name":"handleToggleDrawer","decl":{"start":{"line":9,"column":16},"end":{"line":9,"column":34}},"loc":{"start":{"line":9,"column":49},"end":{"line":14,"column":1}},"line":9}},"branchMap":{},"s":{"0":2},"f":{"0":2},"b":{},"_coverageSchema":"43e27e138ebf9cfc5966b082cf9a028302ed4184","hash":"b90123c4e52e36a98554861d04bc8283cc00ea63"}
,"D:\\Projects\\Github\\React-Starter-App\\src\\containers\\Navigation\\constants.js": {"path":"D:\\Projects\\Github\\React-Starter-App\\src\\containers\\Navigation\\constants.js","statementMap":{"0":{"start":{"line":7,"column":29},"end":{"line":7,"column":59}}},"fnMap":{},"branchMap":{},"s":{"0":8},"f":{},"b":{},"_coverageSchema":"43e27e138ebf9cfc5966b082cf9a028302ed4184","hash":"4447ebca048d8c43e96c7725fd08d4146ed1866d"}
,"D:\\Projects\\Github\\React-Starter-App\\src\\containers\\Navigation\\index.js": {"path":"D:\\Projects\\Github\\React-Starter-App\\src\\containers\\Navigation\\index.js","statementMap":{"0":{"start":{"line":20,"column":43},"end":{"line":20,"column":53}},"1":{"start":{"line":22,"column":4},"end":{"line":33,"column":6}},"2":{"start":{"line":29,"column":40},"end":{"line":29,"column":64}},"3":{"start":{"line":37,"column":0},"end":{"line":37,"column":26}},"4":{"start":{"line":39,"column":24},"end":{"line":43,"column":1}},"5":{"start":{"line":40,"column":2},"end":{"line":42,"column":4}}},"fnMap":{"0":{"name":"(anonymous_0)","decl":{"start":{"line":19,"column":2},"end":{"line":19,"column":3}},"loc":{"start":{"line":19,"column":11},"end":{"line":34,"column":3}},"line":19},"1":{"name":"(anonymous_1)","decl":{"start":{"line":29,"column":24},"end":{"line":29,"column":25}},"loc":{"start":{"line":29,"column":40},"end":{"line":29,"column":64}},"line":29},"2":{"name":"(anonymous_2)","decl":{"start":{"line":39,"column":24},"end":{"line":39,"column":25}},"loc":{"start":{"line":39,"column":33},"end":{"line":43,"column":1}},"line":39}},"branchMap":{},"s":{"0":0,"1":0,"2":0,"3":1,"4":1,"5":0},"f":{"0":0,"1":0,"2":0},"b":{},"_coverageSchema":"43e27e138ebf9cfc5966b082cf9a028302ed4184","hash":"7850d6d8d9879e0285699f76bd0421ba643aa9ed"}
,"D:\\Projects\\Github\\React-Starter-App\\src\\containers\\Navigation\\messages.js": {"path":"D:\\Projects\\Github\\React-Starter-App\\src\\containers\\Navigation\\messages.js","statementMap":{},"fnMap":{},"branchMap":{},"s":{},"f":{},"b":{},"_coverageSchema":"43e27e138ebf9cfc5966b082cf9a028302ed4184","hash":"3b89b19264ff95b27dc59f800f442a81597bd8c4"}
,"D:\\Projects\\Github\\React-Starter-App\\src\\containers\\Navigation\\reducer.js": {"path":"D:\\Projects\\Github\\React-Starter-App\\src\\containers\\Navigation\\reducer.js","statementMap":{"0":{"start":{"line":11,"column":21},"end":{"line":18,"column":1}},"1":{"start":{"line":20,"column":26},"end":{"line":35,"column":1}},"2":{"start":{"line":22,"column":2},"end":{"line":34,"column":3}},"3":{"start":{"line":24,"column":6},"end":{"line":30,"column":9}},"4":{"start":{"line":31,"column":6},"end":{"line":31,"column":22}},"5":{"start":{"line":33,"column":6},"end":{"line":33,"column":19}}},"fnMap":{"0":{"name":"(anonymous_0)","decl":{"start":{"line":20,"column":26},"end":{"line":20,"column":27}},"loc":{"start":{"line":20,"column":60},"end":{"line":35,"column":1}},"line":20}},"branchMap":{"0":{"loc":{"start":{"line":20,"column":27},"end":{"line":20,"column":47}},"type":"default-arg","locations":[{"start":{"line":20,"column":35},"end":{"line":20,"column":47}}],"line":20},"1":{"loc":{"start":{"line":22,"column":2},"end":{"line":34,"column":3}},"type":"switch","locations":[{"start":{"line":23,"column":4},"end":{"line":31,"column":22}},{"start":{"line":32,"column":4},"end":{"line":33,"column":19}}],"line":22}},"s":{"0":1,"1":1,"2":1,"3":0,"4":0,"5":1},"f":{"0":1},"b":{"0":[1],"1":[0,1]},"_coverageSchema":"43e27e138ebf9cfc5966b082cf9a028302ed4184","hash":"96f1ab5851cd94a0394ec548fc37f7e2151890c9"}
,"D:\\Projects\\Github\\React-Starter-App\\src\\containers\\Navigation\\thunks.js": {"path":"D:\\Projects\\Github\\React-Starter-App\\src\\containers\\Navigation\\thunks.js","statementMap":{"0":{"start":{"line":15,"column":21},"end":{"line":15,"column":23}},"1":{"start":{"line":16,"column":2},"end":{"line":16,"column":27}},"2":{"start":{"line":17,"column":2},"end":{"line":17,"column":27}},"3":{"start":{"line":19,"column":2},"end":{"line":21,"column":4}},"4":{"start":{"line":20,"column":4},"end":{"line":20,"column":54}}},"fnMap":{"0":{"name":"toggleDrawer","decl":{"start":{"line":14,"column":16},"end":{"line":14,"column":28}},"loc":{"start":{"line":14,"column":41},"end":{"line":22,"column":1}},"line":14},"1":{"name":"(anonymous_1)","decl":{"start":{"line":19,"column":9},"end":{"line":19,"column":10}},"loc":{"start":{"line":19,"column":38},"end":{"line":21,"column":3}},"line":19}},"branchMap":{},"s":{"0":2,"1":2,"2":2,"3":2,"4":1},"f":{"0":2,"1":1},"b":{},"_coverageSchema":"43e27e138ebf9cfc5966b082cf9a028302ed4184","hash":"b9bad1b57fc42cae4cbef5160dbc8a1174de573a"}
,"D:\\Projects\\Github\\React-Starter-App\\src\\containers\\Post\\actions.js": {"path":"D:\\Projects\\Github\\React-Starter-App\\src\\containers\\Post\\actions.js","statementMap":{"0":{"start":{"line":15,"column":2},"end":{"line":18,"column":4}},"1":{"start":{"line":22,"column":2},"end":{"line":25,"column":4}},"2":{"start":{"line":29,"column":2},"end":{"line":32,"column":4}},"3":{"start":{"line":36,"column":2},"end":{"line":39,"column":4}}},"fnMap":{"0":{"name":"fetchPostsRequest","decl":{"start":{"line":14,"column":16},"end":{"line":14,"column":33}},"loc":{"start":{"line":14,"column":46},"end":{"line":19,"column":1}},"line":14},"1":{"name":"fetchPostsSuccess","decl":{"start":{"line":21,"column":16},"end":{"line":21,"column":33}},"loc":{"start":{"line":21,"column":41},"end":{"line":26,"column":1}},"line":21},"2":{"name":"handlePostFailure","decl":{"start":{"line":28,"column":16},"end":{"line":28,"column":33}},"loc":{"start":{"line":28,"column":41},"end":{"line":33,"column":1}},"line":28},"3":{"name":"deletePostSuccess","decl":{"start":{"line":35,"column":16},"end":{"line":35,"column":33}},"loc":{"start":{"line":35,"column":41},"end":{"line":40,"column":1}},"line":35}},"branchMap":{},"s":{"0":0,"1":0,"2":0,"3":3},"f":{"0":0,"1":0,"2":0,"3":3},"b":{},"_coverageSchema":"43e27e138ebf9cfc5966b082cf9a028302ed4184","hash":"72fbb8af0bf384937df06f76476ac8259c1030f9"}
,"D:\\Projects\\Github\\React-Starter-App\\src\\containers\\Post\\constants.js": {"path":"D:\\Projects\\Github\\React-Starter-App\\src\\containers\\Post\\constants.js","statementMap":{"0":{"start":{"line":7,"column":35},"end":{"line":7,"column":65}},"1":{"start":{"line":8,"column":35},"end":{"line":8,"column":65}},"2":{"start":{"line":9,"column":36},"end":{"line":9,"column":67}},"3":{"start":{"line":10,"column":35},"end":{"line":10,"column":65}}},"fnMap":{},"branchMap":{},"s":{"0":8,"1":8,"2":8,"3":8},"f":{},"b":{},"_coverageSchema":"43e27e138ebf9cfc5966b082cf9a028302ed4184","hash":"0ddd4ddb9ff076e27b80a5258da578752f892746"}
,"D:\\Projects\\Github\\React-Starter-App\\src\\containers\\Post\\index.js": {"path":"D:\\Projects\\Github\\React-Starter-App\\src\\containers\\Post\\index.js","statementMap":{"0":{"start":{"line":22,"column":4},"end":{"line":22,"column":28}},"1":{"start":{"line":26,"column":34},"end":{"line":26,"column":44}},"2":{"start":{"line":28,"column":4},"end":{"line":42,"column":6}},"3":{"start":{"line":39,"column":37},"end":{"line":39,"column":58}},"4":{"start":{"line":46,"column":17},"end":{"line":46,"column":26}},"5":{"start":{"line":47,"column":0},"end":{"line":47,"column":20}},"6":{"start":{"line":49,"column":24},"end":{"line":53,"column":1}},"7":{"start":{"line":50,"column":2},"end":{"line":52,"column":4}}},"fnMap":{"0":{"name":"(anonymous_0)","decl":{"start":{"line":21,"column":2},"end":{"line":21,"column":3}},"loc":{"start":{"line":21,"column":22},"end":{"line":23,"column":3}},"line":21},"1":{"name":"(anonymous_1)","decl":{"start":{"line":25,"column":2},"end":{"line":25,"column":3}},"loc":{"start":{"line":25,"column":11},"end":{"line":43,"column":3}},"line":25},"2":{"name":"(anonymous_2)","decl":{"start":{"line":39,"column":22},"end":{"line":39,"column":23}},"loc":{"start":{"line":39,"column":37},"end":{"line":39,"column":58}},"line":39},"3":{"name":"(anonymous_3)","decl":{"start":{"line":49,"column":24},"end":{"line":49,"column":25}},"loc":{"start":{"line":49,"column":33},"end":{"line":53,"column":1}},"line":49}},"branchMap":{},"s":{"0":0,"1":0,"2":0,"3":0,"4":1,"5":1,"6":1,"7":0},"f":{"0":0,"1":0,"2":0,"3":0},"b":{},"_coverageSchema":"43e27e138ebf9cfc5966b082cf9a028302ed4184","hash":"8efd6ed3b3aef7ba338751895587a9946e9f021e"}
,"D:\\Projects\\Github\\React-Starter-App\\src\\containers\\Post\\messages.js": {"path":"D:\\Projects\\Github\\React-Starter-App\\src\\containers\\Post\\messages.js","statementMap":{},"fnMap":{},"branchMap":{},"s":{},"f":{},"b":{},"_coverageSchema":"43e27e138ebf9cfc5966b082cf9a028302ed4184","hash":"dded95a641bfbb933c770500d161806281f57bd8"}
,"D:\\Projects\\Github\\React-Starter-App\\src\\containers\\Post\\reducer.js": {"path":"D:\\Projects\\Github\\React-Starter-App\\src\\containers\\Post\\reducer.js","statementMap":{"0":{"start":{"line":16,"column":21},"end":{"line":18,"column":1}},"1":{"start":{"line":20,"column":20},"end":{"line":42,"column":1}},"2":{"start":{"line":22,"column":2},"end":{"line":41,"column":3}},"3":{"start":{"line":24,"column":6},"end":{"line":28,"column":9}},"4":{"start":{"line":29,"column":6},"end":{"line":29,"column":22}},"5":{"start":{"line":32,"column":6},"end":{"line":36,"column":9}},"6":{"start":{"line":37,"column":6},"end":{"line":37,"column":22}},"7":{"start":{"line":40,"column":6},"end":{"line":40,"column":19}}},"fnMap":{"0":{"name":"(anonymous_0)","decl":{"start":{"line":20,"column":20},"end":{"line":20,"column":21}},"loc":{"start":{"line":20,"column":54},"end":{"line":42,"column":1}},"line":20}},"branchMap":{"0":{"loc":{"start":{"line":20,"column":21},"end":{"line":20,"column":41}},"type":"default-arg","locations":[{"start":{"line":20,"column":29},"end":{"line":20,"column":41}}],"line":20},"1":{"loc":{"start":{"line":22,"column":2},"end":{"line":41,"column":3}},"type":"switch","locations":[{"start":{"line":23,"column":4},"end":{"line":29,"column":22}},{"start":{"line":31,"column":4},"end":{"line":37,"column":22}},{"start":{"line":39,"column":4},"end":{"line":40,"column":19}}],"line":22}},"s":{"0":1,"1":1,"2":2,"3":0,"4":0,"5":1,"6":1,"7":1},"f":{"0":2},"b":{"0":[2],"1":[0,1,1]},"_coverageSchema":"43e27e138ebf9cfc5966b082cf9a028302ed4184","hash":"263a6858d19b042cf1c4a45b9e5b6ad0aeb701bf"}
,"D:\\Projects\\Github\\React-Starter-App\\src\\containers\\Post\\thunks.js": {"path":"D:\\Projects\\Github\\React-Starter-App\\src\\containers\\Post\\thunks.js","statementMap":{"0":{"start":{"line":22,"column":2},"end":{"line":49,"column":4}},"1":{"start":{"line":23,"column":4},"end":{"line":23,"column":38}},"2":{"start":{"line":25,"column":4},"end":{"line":48,"column":9}},"3":{"start":{"line":29,"column":8},"end":{"line":31,"column":9}},"4":{"start":{"line":30,"column":10},"end":{"line":30,"column":43}},"5":{"start":{"line":33,"column":8},"end":{"line":33,"column":31}},"6":{"start":{"line":36,"column":8},"end":{"line":36,"column":64}},"7":{"start":{"line":37,"column":8},"end":{"line":37,"column":42}},"8":{"start":{"line":38,"column":8},"end":{"line":38,"column":43}},"9":{"start":{"line":41,"column":24},"end":{"line":41,"column":26}},"10":{"start":{"line":42,"column":8},"end":{"line":42,"column":33}},"11":{"start":{"line":43,"column":8},"end":{"line":43,"column":57}},"12":{"start":{"line":45,"column":8},"end":{"line":45,"column":54}},"13":{"start":{"line":47,"column":8},"end":{"line":47,"column":48}},"14":{"start":{"line":54,"column":2},"end":{"line":79,"column":4}},"15":{"start":{"line":55,"column":4},"end":{"line":78,"column":9}},"16":{"start":{"line":59,"column":8},"end":{"line":61,"column":9}},"17":{"start":{"line":60,"column":10},"end":{"line":60,"column":43}},"18":{"start":{"line":63,"column":8},"end":{"line":63,"column":31}},"19":{"start":{"line":67,"column":8},"end":{"line":67,"column":63}},"20":{"start":{"line":68,"column":8},"end":{"line":68,"column":43}},"21":{"start":{"line":71,"column":24},"end":{"line":71,"column":26}},"22":{"start":{"line":72,"column":8},"end":{"line":72,"column":33}},"23":{"start":{"line":73,"column":8},"end":{"line":73,"column":57}},"24":{"start":{"line":75,"column":8},"end":{"line":75,"column":53}},"25":{"start":{"line":77,"column":8},"end":{"line":77,"column":48}},"26":{"start":{"line":84,"column":2},"end":{"line":86,"column":4}},"27":{"start":{"line":85,"column":4},"end":{"line":85,"column":50}}},"fnMap":{"0":{"name":"fetchPosts","decl":{"start":{"line":21,"column":16},"end":{"line":21,"column":26}},"loc":{"start":{"line":21,"column":29},"end":{"line":50,"column":1}},"line":21},"1":{"name":"(anonymous_1)","decl":{"start":{"line":22,"column":9},"end":{"line":22,"column":10}},"loc":{"start":{"line":22,"column":38},"end":{"line":49,"column":3}},"line":22},"2":{"name":"(anonymous_2)","decl":{"start":{"line":28,"column":12},"end":{"line":28,"column":13}},"loc":{"start":{"line":28,"column":24},"end":{"line":34,"column":7}},"line":28},"3":{"name":"(anonymous_3)","decl":{"start":{"line":35,"column":12},"end":{"line":35,"column":13}},"loc":{"start":{"line":35,"column":20},"end":{"line":39,"column":7}},"line":35},"4":{"name":"(anonymous_4)","decl":{"start":{"line":40,"column":13},"end":{"line":40,"column":14}},"loc":{"start":{"line":40,"column":22},"end":{"line":48,"column":7}},"line":40},"5":{"name":"deletePost","decl":{"start":{"line":53,"column":16},"end":{"line":53,"column":26}},"loc":{"start":{"line":53,"column":38},"end":{"line":80,"column":1}},"line":53},"6":{"name":"(anonymous_6)","decl":{"start":{"line":54,"column":9},"end":{"line":54,"column":10}},"loc":{"start":{"line":54,"column":38},"end":{"line":79,"column":3}},"line":54},"7":{"name":"(anonymous_7)","decl":{"start":{"line":58,"column":12},"end":{"line":58,"column":13}},"loc":{"start":{"line":58,"column":24},"end":{"line":64,"column":7}},"line":58},"8":{"name":"(anonymous_8)","decl":{"start":{"line":65,"column":12},"end":{"line":65,"column":13}},"loc":{"start":{"line":65,"column":20},"end":{"line":69,"column":7}},"line":65},"9":{"name":"(anonymous_9)","decl":{"start":{"line":70,"column":13},"end":{"line":70,"column":14}},"loc":{"start":{"line":70,"column":22},"end":{"line":78,"column":7}},"line":70},"10":{"name":"postFailureHandler","decl":{"start":{"line":83,"column":16},"end":{"line":83,"column":34}},"loc":{"start":{"line":83,"column":46},"end":{"line":87,"column":1}},"line":83},"11":{"name":"(anonymous_11)","decl":{"start":{"line":84,"column":9},"end":{"line":84,"column":10}},"loc":{"start":{"line":84,"column":38},"end":{"line":86,"column":3}},"line":84}},"branchMap":{"0":{"loc":{"start":{"line":29,"column":8},"end":{"line":31,"column":9}},"type":"if","locations":[{"start":{"line":29,"column":8},"end":{"line":31,"column":9}},{"start":{"line":29,"column":8},"end":{"line":31,"column":9}}],"line":29},"1":{"loc":{"start":{"line":59,"column":8},"end":{"line":61,"column":9}},"type":"if","locations":[{"start":{"line":59,"column":8},"end":{"line":61,"column":9}},{"start":{"line":59,"column":8},"end":{"line":61,"column":9}}],"line":59}},"s":{"0":0,"1":0,"2":0,"3":0,"4":0,"5":0,"6":0,"7":0,"8":0,"9":0,"10":0,"11":0,"12":0,"13":0,"14":2,"15":1,"16":1,"17":0,"18":1,"19":1,"20":1,"21":0,"22":0,"23":0,"24":0,"25":0,"26":0,"27":0},"f":{"0":0,"1":0,"2":0,"3":0,"4":0,"5":2,"6":1,"7":1,"8":1,"9":0,"10":0,"11":0},"b":{"0":[0,0],"1":[0,1]},"_coverageSchema":"43e27e138ebf9cfc5966b082cf9a028302ed4184","hash":"4c3b03d90870efa02332647873ea1d782a3719e6"}
,"D:\\Projects\\Github\\React-Starter-App\\src\\containers\\Signup\\actions.js": {"path":"D:\\Projects\\Github\\React-Starter-App\\src\\containers\\Signup\\actions.js","statementMap":{"0":{"start":{"line":10,"column":2},"end":{"line":12,"column":4}}},"fnMap":{"0":{"name":"defaultAction","decl":{"start":{"line":9,"column":16},"end":{"line":9,"column":29}},"loc":{"start":{"line":9,"column":32},"end":{"line":13,"column":1}},"line":9}},"branchMap":{},"s":{"0":1},"f":{"0":1},"b":{},"_coverageSchema":"43e27e138ebf9cfc5966b082cf9a028302ed4184","hash":"73f7db49707049d6b7059f32368821891d0c315f"}
,"D:\\Projects\\Github\\React-Starter-App\\src\\containers\\Signup\\constants.js": {"path":"D:\\Projects\\Github\\React-Starter-App\\src\\containers\\Signup\\constants.js","statementMap":{"0":{"start":{"line":7,"column":30},"end":{"line":7,"column":57}}},"fnMap":{},"branchMap":{},"s":{"0":3},"f":{},"b":{},"_coverageSchema":"43e27e138ebf9cfc5966b082cf9a028302ed4184","hash":"6d3b1113851092552221cfaa4a964fe9daae8d68"}
,"D:\\Projects\\Github\\React-Starter-App\\src\\containers\\Signup\\index.js": {"path":"D:\\Projects\\Github\\React-Starter-App\\src\\containers\\Signup\\index.js","statementMap":{"0":{"start":{"line":25,"column":4},"end":{"line":35,"column":6}},"1":{"start":{"line":39,"column":19},"end":{"line":39,"column":28}},"2":{"start":{"line":40,"column":2},"end":{"line":40,"column":24}},"3":{"start":{"line":44,"column":24},"end":{"line":48,"column":1}},"4":{"start":{"line":45,"column":4},"end":{"line":47,"column":6}}},"fnMap":{"0":{"name":"(anonymous_0)","decl":{"start":{"line":21,"column":2},"end":{"line":21,"column":3}},"loc":{"start":{"line":21,"column":23},"end":{"line":22,"column":3}},"line":21},"1":{"name":"(anonymous_1)","decl":{"start":{"line":24,"column":2},"end":{"line":24,"column":3}},"loc":{"start":{"line":24,"column":11},"end":{"line":36,"column":3}},"line":24},"2":{"name":"(anonymous_2)","decl":{"start":{"line":44,"column":24},"end":{"line":44,"column":25}},"loc":{"start":{"line":44,"column":35},"end":{"line":48,"column":1}},"line":44}},"branchMap":{},"s":{"0":0,"1":1,"2":1,"3":1,"4":0},"f":{"0":0,"1":0,"2":0},"b":{},"_coverageSchema":"43e27e138ebf9cfc5966b082cf9a028302ed4184","hash":"121b47d9e3d12a73d138b870d82d833524f98aad"}
,"D:\\Projects\\Github\\React-Starter-App\\src\\containers\\Signup\\messages.js": {"path":"D:\\Projects\\Github\\React-Starter-App\\src\\containers\\Signup\\messages.js","statementMap":{},"fnMap":{},"branchMap":{},"s":{},"f":{},"b":{},"_coverageSchema":"43e27e138ebf9cfc5966b082cf9a028302ed4184","hash":"3d634b19c107ed0d0bfef5bee2eddd2d6979346d"}
,"D:\\Projects\\Github\\React-Starter-App\\src\\containers\\Signup\\reducer.js": {"path":"D:\\Projects\\Github\\React-Starter-App\\src\\containers\\Signup\\reducer.js","statementMap":{"0":{"start":{"line":14,"column":21},"end":{"line":15,"column":1}},"1":{"start":{"line":17,"column":22},"end":{"line":27,"column":1}},"2":{"start":{"line":19,"column":2},"end":{"line":26,"column":3}},"3":{"start":{"line":21,"column":6},"end":{"line":22,"column":8}},"4":{"start":{"line":23,"column":6},"end":{"line":23,"column":22}},"5":{"start":{"line":25,"column":6},"end":{"line":25,"column":19}}},"fnMap":{"0":{"name":"(anonymous_0)","decl":{"start":{"line":17,"column":22},"end":{"line":17,"column":23}},"loc":{"start":{"line":17,"column":56},"end":{"line":27,"column":1}},"line":17}},"branchMap":{"0":{"loc":{"start":{"line":17,"column":23},"end":{"line":17,"column":43}},"type":"default-arg","locations":[{"start":{"line":17,"column":31},"end":{"line":17,"column":43}}],"line":17},"1":{"loc":{"start":{"line":19,"column":2},"end":{"line":26,"column":3}},"type":"switch","locations":[{"start":{"line":20,"column":4},"end":{"line":23,"column":22}},{"start":{"line":24,"column":4},"end":{"line":25,"column":19}}],"line":19}},"s":{"0":1,"1":1,"2":1,"3":0,"4":0,"5":1},"f":{"0":1},"b":{"0":[1],"1":[0,1]},"_coverageSchema":"43e27e138ebf9cfc5966b082cf9a028302ed4184","hash":"3dfc7c3c80c67dc547587216af4499e929dfd621"}
,"D:\\Projects\\Github\\React-Starter-App\\src\\containers\\Signup\\thunks.js": {"path":"D:\\Projects\\Github\\React-Starter-App\\src\\containers\\Signup\\thunks.js","statementMap":{},"fnMap":{},"branchMap":{},"s":{},"f":{},"b":{},"_coverageSchema":"43e27e138ebf9cfc5966b082cf9a028302ed4184","hash":"18381c91b31351335ce802973a2beabec0ebcca0"}
,"D:\\Projects\\Github\\React-Starter-App\\src\\containers\\Todo\\actions.js": {"path":"D:\\Projects\\Github\\React-Starter-App\\src\\containers\\Todo\\actions.js","statementMap":{"0":{"start":{"line":14,"column":2},"end":{"line":17,"column":4}},"1":{"start":{"line":21,"column":2},"end":{"line":24,"column":4}},"2":{"start":{"line":28,"column":2},"end":{"line":31,"column":4}}},"fnMap":{"0":{"name":"fetchTodosRequest","decl":{"start":{"line":13,"column":16},"end":{"line":13,"column":33}},"loc":{"start":{"line":13,"column":46},"end":{"line":18,"column":1}},"line":13},"1":{"name":"fetchTodosSuccess","decl":{"start":{"line":20,"column":16},"end":{"line":20,"column":33}},"loc":{"start":{"line":20,"column":41},"end":{"line":25,"column":1}},"line":20},"2":{"name":"fetchTodosFailure","decl":{"start":{"line":27,"column":16},"end":{"line":27,"column":33}},"loc":{"start":{"line":27,"column":41},"end":{"line":32,"column":1}},"line":27}},"branchMap":{},"s":{"0":3,"1":1,"2":0},"f":{"0":3,"1":1,"2":0},"b":{},"_coverageSchema":"43e27e138ebf9cfc5966b082cf9a028302ed4184","hash":"bf9608670d9c6f0738db857047184406f9361bd1"}
,"D:\\Projects\\Github\\React-Starter-App\\src\\containers\\Todo\\constants.js": {"path":"D:\\Projects\\Github\\React-Starter-App\\src\\containers\\Todo\\constants.js","statementMap":{"0":{"start":{"line":7,"column":35},"end":{"line":7,"column":70}},"1":{"start":{"line":8,"column":35},"end":{"line":8,"column":70}},"2":{"start":{"line":9,"column":35},"end":{"line":9,"column":70}}},"fnMap":{},"branchMap":{},"s":{"0":8,"1":8,"2":8},"f":{},"b":{},"_coverageSchema":"43e27e138ebf9cfc5966b082cf9a028302ed4184","hash":"ff6912689df5578fb214ab549f3db583e88e0a3d"}
,"D:\\Projects\\Github\\React-Starter-App\\src\\containers\\Todo\\index.js": {"path":"D:\\Projects\\Github\\React-Starter-App\\src\\containers\\Todo\\index.js","statementMap":{"0":{"start":{"line":22,"column":4},"end":{"line":22,"column":28}},"1":{"start":{"line":26,"column":41},"end":{"line":26,"column":51}},"2":{"start":{"line":28,"column":4},"end":{"line":37,"column":6}},"3":{"start":{"line":41,"column":0},"end":{"line":41,"column":20}},"4":{"start":{"line":43,"column":24},"end":{"line":49,"column":1}},"5":{"start":{"line":44,"column":2},"end":{"line":48,"column":4}}},"fnMap":{"0":{"name":"(anonymous_0)","decl":{"start":{"line":21,"column":2},"end":{"line":21,"column":3}},"loc":{"start":{"line":21,"column":22},"end":{"line":23,"column":3}},"line":21},"1":{"name":"(anonymous_1)","decl":{"start":{"line":25,"column":2},"end":{"line":25,"column":3}},"loc":{"start":{"line":25,"column":11},"end":{"line":38,"column":3}},"line":25},"2":{"name":"(anonymous_2)","decl":{"start":{"line":43,"column":24},"end":{"line":43,"column":25}},"loc":{"start":{"line":43,"column":33},"end":{"line":49,"column":1}},"line":43}},"branchMap":{"0":{"loc":{"start":{"line":34,"column":9},"end":{"line":34,"column":69}},"type":"binary-expr","locations":[{"start":{"line":34,"column":9},"end":{"line":34,"column":19}},{"start":{"line":34,"column":23},"end":{"line":34,"column":69}}],"line":34},"1":{"loc":{"start":{"line":35,"column":9},"end":{"line":35,"column":79}},"type":"cond-expr","locations":[{"start":{"line":35,"column":25},"end":{"line":35,"column":50}},{"start":{"line":35,"column":53},"end":{"line":35,"column":79}}],"line":35}},"s":{"0":0,"1":0,"2":0,"3":1,"4":1,"5":0},"f":{"0":0,"1":0,"2":0},"b":{"0":[0,0],"1":[0,0]},"_coverageSchema":"43e27e138ebf9cfc5966b082cf9a028302ed4184","hash":"71c1bf5d083767f93a3486009a8a23ac450841bd"}
,"D:\\Projects\\Github\\React-Starter-App\\src\\containers\\Todo\\messages.js": {"path":"D:\\Projects\\Github\\React-Starter-App\\src\\containers\\Todo\\messages.js","statementMap":{},"fnMap":{},"branchMap":{},"s":{},"f":{},"b":{},"_coverageSchema":"43e27e138ebf9cfc5966b082cf9a028302ed4184","hash":"22b85ad71d5c9930d25e45c56bf64aa5c23ce45c"}
,"D:\\Projects\\Github\\React-Starter-App\\src\\containers\\Todo\\reducer.js": {"path":"D:\\Projects\\Github\\React-Starter-App\\src\\containers\\Todo\\reducer.js","statementMap":{"0":{"start":{"line":15,"column":21},"end":{"line":22,"column":1}},"1":{"start":{"line":24,"column":20},"end":{"line":56,"column":1}},"2":{"start":{"line":26,"column":2},"end":{"line":55,"column":3}},"3":{"start":{"line":28,"column":6},"end":{"line":32,"column":9}},"4":{"start":{"line":33,"column":6},"end":{"line":33,"column":22}},"5":{"start":{"line":36,"column":6},"end":{"line":40,"column":9}},"6":{"start":{"line":41,"column":6},"end":{"line":41,"column":22}},"7":{"start":{"line":44,"column":6},"end":{"line":51,"column":9}},"8":{"start":{"line":52,"column":6},"end":{"line":52,"column":22}},"9":{"start":{"line":54,"column":6},"end":{"line":54,"column":19}}},"fnMap":{"0":{"name":"(anonymous_0)","decl":{"start":{"line":24,"column":20},"end":{"line":24,"column":21}},"loc":{"start":{"line":24,"column":54},"end":{"line":56,"column":1}},"line":24}},"branchMap":{"0":{"loc":{"start":{"line":24,"column":21},"end":{"line":24,"column":41}},"type":"default-arg","locations":[{"start":{"line":24,"column":29},"end":{"line":24,"column":41}}],"line":24},"1":{"loc":{"start":{"line":26,"column":2},"end":{"line":55,"column":3}},"type":"switch","locations":[{"start":{"line":27,"column":4},"end":{"line":33,"column":22}},{"start":{"line":35,"column":4},"end":{"line":41,"column":22}},{"start":{"line":43,"column":4},"end":{"line":52,"column":22}},{"start":{"line":53,"column":4},"end":{"line":54,"column":19}}],"line":26}},"s":{"0":1,"1":1,"2":2,"3":1,"4":1,"5":0,"6":0,"7":0,"8":0,"9":1},"f":{"0":2},"b":{"0":[2],"1":[1,0,0,1]},"_coverageSchema":"43e27e138ebf9cfc5966b082cf9a028302ed4184","hash":"ffe0cc6d437ea1a259312d32f5c403f007e84238"}
,"D:\\Projects\\Github\\React-Starter-App\\src\\containers\\Todo\\thunks.js": {"path":"D:\\Projects\\Github\\React-Starter-App\\src\\containers\\Todo\\thunks.js","statementMap":{"0":{"start":{"line":20,"column":2},"end":{"line":47,"column":4}},"1":{"start":{"line":21,"column":4},"end":{"line":21,"column":27}},"2":{"start":{"line":23,"column":4},"end":{"line":46,"column":9}},"3":{"start":{"line":27,"column":8},"end":{"line":29,"column":9}},"4":{"start":{"line":28,"column":10},"end":{"line":28,"column":43}},"5":{"start":{"line":31,"column":8},"end":{"line":31,"column":31}},"6":{"start":{"line":34,"column":8},"end":{"line":34,"column":64}},"7":{"start":{"line":35,"column":8},"end":{"line":35,"column":42}},"8":{"start":{"line":36,"column":8},"end":{"line":36,"column":43}},"9":{"start":{"line":39,"column":24},"end":{"line":39,"column":26}},"10":{"start":{"line":40,"column":8},"end":{"line":40,"column":33}},"11":{"start":{"line":41,"column":8},"end":{"line":41,"column":57}},"12":{"start":{"line":43,"column":8},"end":{"line":43,"column":54}},"13":{"start":{"line":45,"column":8},"end":{"line":45,"column":47}},"14":{"start":{"line":52,"column":2},"end":{"line":56,"column":4}},"15":{"start":{"line":53,"column":4},"end":{"line":55,"column":5}},"16":{"start":{"line":54,"column":6},"end":{"line":54,"column":40}}},"fnMap":{"0":{"name":"fetchTodos","decl":{"start":{"line":19,"column":16},"end":{"line":19,"column":26}},"loc":{"start":{"line":19,"column":29},"end":{"line":48,"column":1}},"line":19},"1":{"name":"(anonymous_1)","decl":{"start":{"line":20,"column":9},"end":{"line":20,"column":10}},"loc":{"start":{"line":20,"column":38},"end":{"line":47,"column":3}},"line":20},"2":{"name":"(anonymous_2)","decl":{"start":{"line":26,"column":12},"end":{"line":26,"column":13}},"loc":{"start":{"line":26,"column":24},"end":{"line":32,"column":7}},"line":26},"3":{"name":"(anonymous_3)","decl":{"start":{"line":33,"column":12},"end":{"line":33,"column":13}},"loc":{"start":{"line":33,"column":20},"end":{"line":37,"column":7}},"line":33},"4":{"name":"(anonymous_4)","decl":{"start":{"line":38,"column":13},"end":{"line":38,"column":14}},"loc":{"start":{"line":38,"column":22},"end":{"line":46,"column":7}},"line":38},"5":{"name":"checkTodos","decl":{"start":{"line":51,"column":16},"end":{"line":51,"column":26}},"loc":{"start":{"line":51,"column":29},"end":{"line":57,"column":1}},"line":51},"6":{"name":"(anonymous_6)","decl":{"start":{"line":52,"column":9},"end":{"line":52,"column":10}},"loc":{"start":{"line":52,"column":38},"end":{"line":56,"column":3}},"line":52}},"branchMap":{"0":{"loc":{"start":{"line":27,"column":8},"end":{"line":29,"column":9}},"type":"if","locations":[{"start":{"line":27,"column":8},"end":{"line":29,"column":9}},{"start":{"line":27,"column":8},"end":{"line":29,"column":9}}],"line":27},"1":{"loc":{"start":{"line":53,"column":4},"end":{"line":55,"column":5}},"type":"if","locations":[{"start":{"line":53,"column":4},"end":{"line":55,"column":5}},{"start":{"line":53,"column":4},"end":{"line":55,"column":5}}],"line":53}},"s":{"0":2,"1":1,"2":1,"3":1,"4":0,"5":1,"6":1,"7":1,"8":1,"9":0,"10":0,"11":0,"12":0,"13":0,"14":1,"15":0,"16":0},"f":{"0":2,"1":1,"2":1,"3":1,"4":0,"5":1,"6":0},"b":{"0":[0,1],"1":[0,0]},"_coverageSchema":"43e27e138ebf9cfc5966b082cf9a028302ed4184","hash":"845086c1e81a9b2cecf32e43c311081356d60541"}
,"D:\\Projects\\Github\\React-Starter-App\\src\\routes\\PrivateRoute.js": {"path":"D:\\Projects\\Github\\React-Starter-App\\src\\routes\\PrivateRoute.js","statementMap":{"0":{"start":{"line":22,"column":21},"end":{"line":39,"column":1}},"1":{"start":{"line":23,"column":2},"end":{"line":38,"column":8}}},"fnMap":{"0":{"name":"(anonymous_0)","decl":{"start":{"line":22,"column":21},"end":{"line":22,"column":22}},"loc":{"start":{"line":23,"column":2},"end":{"line":38,"column":8}},"line":23}},"branchMap":{},"s":{"0":0,"1":0},"f":{"0":0},"b":{}}
,"D:\\Projects\\Github\\React-Starter-App\\src\\routes\\PublicRoute.js": {"path":"D:\\Projects\\Github\\React-Starter-App\\src\\routes\\PublicRoute.js","statementMap":{"0":{"start":{"line":20,"column":20},"end":{"line":35,"column":1}},"1":{"start":{"line":21,"column":2},"end":{"line":34,"column":8}}},"fnMap":{"0":{"name":"(anonymous_0)","decl":{"start":{"line":20,"column":20},"end":{"line":20,"column":21}},"loc":{"start":{"line":21,"column":2},"end":{"line":34,"column":8}},"line":21}},"branchMap":{},"s":{"0":0,"1":0},"f":{"0":0},"b":{}}
,"D:\\Projects\\Github\\React-Starter-App\\src\\routes\\routes.js": {"path":"D:\\Projects\\Github\\React-Starter-App\\src\\routes\\routes.js","statementMap":{"0":{"start":{"line":16,"column":15},"end":{"line":21,"column":1}},"1":{"start":{"line":17,"column":2},"end":{"line":20,"column":4}},"2":{"start":{"line":19,"column":19},"end":{"line":19,"column":77}},"3":{"start":{"line":23,"column":24},"end":{"line":23,"column":37}},"4":{"start":{"line":23,"column":34},"end":{"line":23,"column":36}}},"fnMap":{"0":{"name":"(anonymous_0)","decl":{"start":{"line":16,"column":15},"end":{"line":16,"column":16}},"loc":{"start":{"line":17,"column":2},"end":{"line":20,"column":4}},"line":17},"1":{"name":"(anonymous_1)","decl":{"start":{"line":19,"column":12},"end":{"line":19,"column":13}},"loc":{"start":{"line":19,"column":19},"end":{"line":19,"column":77}},"line":19},"2":{"name":"(anonymous_2)","decl":{"start":{"line":23,"column":24},"end":{"line":23,"column":25}},"loc":{"start":{"line":23,"column":34},"end":{"line":23,"column":36}},"line":23}},"branchMap":{"0":{"loc":{"start":{"line":16,"column":18},"end":{"line":16,"column":38}},"type":"default-arg","locations":[{"start":{"line":16,"column":34},"end":{"line":16,"column":38}}],"line":16},"1":{"loc":{"start":{"line":19,"column":19},"end":{"line":19,"column":77}},"type":"cond-expr","locations":[{"start":{"line":19,"column":43},"end":{"line":19,"column":59}},{"start":{"line":19,"column":62},"end":{"line":19,"column":77}}],"line":19}},"s":{"0":0,"1":0,"2":0,"3":0,"4":0},"f":{"0":0,"1":0,"2":0},"b":{"0":[0],"1":[0,0]}}
}
