TN:
SF:D:\Projects\Github\React-Starter-App\src\actions.js
FN:13,mapDispatchToProps
FNF:1
FNH:0
FNDA:0,mapDispatchToProps
DA:14,0
LF:1
LH:0
BRF:0
BRH:0
end_of_record
TN:
SF:D:\Projects\Github\React-Starter-App\src\app.js
FN:38,(anonymous_0)
FNF:1
FNH:0
FNDA:0,(anonymous_0)
DA:38,0
DA:39,0
LF:2
LH:0
BRF:0
BRH:0
end_of_record
TN:
SF:D:\Projects\Github\React-Starter-App\src\index.js
FNF:0
FNH:0
DA:14,0
DA:16,0
LF:2
LH:0
BRF:0
BRH:0
end_of_record
TN:
SF:D:\Projects\Github\React-Starter-App\src\reducers.js
FN:16,(anonymous_0)
FNF:1
FNH:0
FNDA:0,(anonymous_0)
DA:16,0
DA:17,0
LF:2
LH:0
BRF:0
BRH:0
end_of_record
TN:
SF:D:\Projects\Github\React-Starter-App\src\registerServiceWorker.js
FN:21,register
FN:32,(anonymous_1)
FN:41,(anonymous_2)
FN:55,registerValidSW
FN:58,(anonymous_4)
FN:59,(anonymous_5)
FN:61,(anonymous_6)
FN:79,(anonymous_7)
FN:84,checkValidServiceWorker
FN:87,(anonymous_9)
FN:94,(anonymous_10)
FN:95,(anonymous_11)
FN:104,(anonymous_12)
FN:111,unregister
FN:113,(anonymous_14)
FNF:15
FNH:0
FNDA:0,register
FNDA:0,(anonymous_1)
FNDA:0,(anonymous_2)
FNDA:0,registerValidSW
FNDA:0,(anonymous_4)
FNDA:0,(anonymous_5)
FNDA:0,(anonymous_6)
FNDA:0,(anonymous_7)
FNDA:0,checkValidServiceWorker
FNDA:0,(anonymous_9)
FNDA:0,(anonymous_10)
FNDA:0,(anonymous_11)
FNDA:0,(anonymous_12)
FNDA:0,unregister
FNDA:0,(anonymous_14)
DA:11,0
DA:22,0
DA:24,0
DA:25,0
DA:29,0
DA:32,0
DA:33,0
DA:35,0
DA:37,0
DA:41,0
DA:42,0
DA:49,0
DA:56,0
DA:59,0
DA:60,0
DA:61,0
DA:62,0
DA:63,0
DA:68,0
DA:73,0
DA:80,0
DA:86,0
DA:89,0
DA:94,0
DA:95,0
DA:96,0
DA:101,0
DA:105,0
DA:112,0
DA:113,0
DA:114,0
LF:31
LH:0
BRDA:12,0,0,0
BRDA:12,0,1,0
BRDA:12,0,2,0
BRDA:22,1,0,0
BRDA:22,1,1,0
BRDA:22,2,0,0
BRDA:22,2,1,0
BRDA:25,3,0,0
BRDA:25,3,1,0
BRDA:35,4,0,0
BRDA:35,4,1,0
BRDA:62,5,0,0
BRDA:62,5,1,0
BRDA:63,6,0,0
BRDA:63,6,1,0
BRDA:89,7,0,0
BRDA:89,7,1,0
BRDA:90,8,0,0
BRDA:90,8,1,0
BRDA:112,9,0,0
BRDA:112,9,1,0
BRF:21
BRH:0
end_of_record
TN:
SF:D:\Projects\Github\React-Starter-App\src\store.js
FN:34,(anonymous_0)
FNF:1
FNH:0
FNDA:0,(anonymous_0)
DA:15,0
DA:20,0
DA:22,0
DA:26,0
DA:32,0
DA:34,0
DA:35,0
DA:36,0
DA:40,0
LF:9
LH:0
BRDA:26,0,0,0
BRDA:26,0,1,0
BRDA:26,1,0,0
BRDA:26,1,1,0
BRDA:26,1,2,0
BRDA:32,2,0,0
BRDA:32,2,1,0
BRF:7
BRH:0
end_of_record
TN:
SF:D:\Projects\Github\React-Starter-App\src\theme.js
FNF:0
FNH:0
DA:16,0
LF:1
LH:0
BRF:0
BRH:0
end_of_record
TN:
SF:D:\Projects\Github\React-Starter-App\src\components\Dashboard\index.js
FN:14,(anonymous_0)
FNF:1
FNH:1
FNDA:2,(anonymous_0)
DA:14,1
DA:15,2
DA:22,1
DA:23,1
LF:4
LH:4
BRF:0
BRH:0
end_of_record
TN:
SF:D:\Projects\Github\React-Starter-App\src\components\Dashboard\messages.js
FNF:0
FNH:0
LF:0
LH:0
BRF:0
BRH:0
end_of_record
TN:
SF:D:\Projects\Github\React-Starter-App\src\components\Footer\index.js
FN:16,(anonymous_0)
FN:34,(anonymous_1)
FNF:2
FNH:2
FNDA:2,(anonymous_0)
FNDA:6,(anonymous_1)
DA:16,1
DA:17,2
DA:24,2
DA:34,2
DA:35,6
DA:40,2
DA:42,2
DA:100,1
DA:101,1
LF:9
LH:9
BRDA:45,0,0,0
BRDA:45,0,1,2
BRF:2
BRH:1
end_of_record
TN:
SF:D:\Projects\Github\React-Starter-App\src\components\Footer\messages.js
FNF:0
FNH:0
LF:0
LH:0
BRF:0
BRH:0
end_of_record
TN:
SF:D:\Projects\Github\React-Starter-App\src\components\Header\index.js
FN:36,(anonymous_0)
FN:39,(anonymous_1)
FN:40,(anonymous_2)
FN:41,(anonymous_3)
FN:42,(anonymous_4)
FNF:5
FNH:0
FNDA:0,(anonymous_0)
FNDA:0,(anonymous_1)
FNDA:0,(anonymous_2)
FNDA:0,(anonymous_3)
FNDA:0,(anonymous_4)
DA:23,1
DA:36,1
DA:37,0
DA:39,0
DA:40,0
DA:41,0
DA:42,0
DA:44,0
DA:78,1
DA:80,1
LF:10
LH:4
BRF:0
BRH:0
end_of_record
TN:
SF:D:\Projects\Github\React-Starter-App\src\components\Header\messages.js
FNF:0
FNH:0
LF:0
LH:0
BRF:0
BRH:0
end_of_record
TN:
SF:D:\Projects\Github\React-Starter-App\src\components\LoadingIndicator\index.js
FN:15,(anonymous_0)
FN:21,(anonymous_1)
FNF:2
FNH:1
FNDA:1,(anonymous_0)
FNDA:0,(anonymous_1)
DA:15,3
DA:21,3
DA:22,0
DA:24,0
DA:32,3
DA:34,3
LF:6
LH:4
BRF:0
BRH:0
end_of_record
TN:
SF:D:\Projects\Github\React-Starter-App\src\components\Message\index.js
FN:14,(anonymous_0)
FNF:1
FNH:1
FNDA:2,(anonymous_0)
DA:14,2
DA:15,2
DA:17,2
DA:24,2
DA:25,2
LF:5
LH:5
BRF:0
BRH:0
end_of_record
TN:
SF:D:\Projects\Github\React-Starter-App\src\components\Message\messages.js
FNF:0
FNH:0
LF:0
LH:0
BRF:0
BRH:0
end_of_record
TN:
SF:D:\Projects\Github\React-Starter-App\src\components\NavigationDrawer\index.js
FN:34,(anonymous_0)
FN:40,(anonymous_1)
FN:51,(anonymous_2)
FN:66,(anonymous_3)
FN:77,(anonymous_4)
FN:91,(anonymous_5)
FN:92,(anonymous_6)
FN:93,(anonymous_7)
FN:94,(anonymous_8)
FN:97,(anonymous_9)
FN:102,(anonymous_10)
FN:103,(anonymous_11)
FN:111,(anonymous_12)
FN:116,(anonymous_13)
FN:117,(anonymous_14)
FN:125,(anonymous_15)
FN:130,(anonymous_16)
FN:131,(anonymous_17)
FN:139,(anonymous_18)
FN:144,(anonymous_19)
FN:145,(anonymous_20)
FNF:21
FNH:0
FNDA:0,(anonymous_0)
FNDA:0,(anonymous_1)
FNDA:0,(anonymous_2)
FNDA:0,(anonymous_3)
FNDA:0,(anonymous_4)
FNDA:0,(anonymous_5)
FNDA:0,(anonymous_6)
FNDA:0,(anonymous_7)
FNDA:0,(anonymous_8)
FNDA:0,(anonymous_9)
FNDA:0,(anonymous_10)
FNDA:0,(anonymous_11)
FNDA:0,(anonymous_12)
FNDA:0,(anonymous_13)
FNDA:0,(anonymous_14)
FNDA:0,(anonymous_15)
FNDA:0,(anonymous_16)
FNDA:0,(anonymous_17)
FNDA:0,(anonymous_18)
FNDA:0,(anonymous_19)
FNDA:0,(anonymous_20)
DA:25,2
DA:34,2
DA:35,0
DA:38,0
DA:41,0
DA:52,0
DA:64,0
DA:67,0
DA:78,0
DA:89,0
DA:91,0
DA:92,0
DA:93,0
DA:94,0
DA:97,0
DA:102,0
DA:103,0
DA:111,0
DA:116,0
DA:117,0
DA:125,0
DA:130,0
DA:131,0
DA:139,0
DA:144,0
DA:145,0
DA:154,2
DA:156,2
LF:28
LH:4
BRDA:43,0,0,0
BRDA:43,0,1,0
BRDA:54,1,0,0
BRDA:54,1,1,0
BRDA:69,2,0,0
BRDA:69,2,1,0
BRDA:80,3,0,0
BRDA:80,3,1,0
BRF:8
BRH:0
end_of_record
TN:
SF:D:\Projects\Github\React-Starter-App\src\components\NavigationDrawer\messages.js
FNF:0
FNH:0
LF:0
LH:0
BRF:0
BRH:0
end_of_record
TN:
SF:D:\Projects\Github\React-Starter-App\src\components\Notification\index.js
FN:16,(anonymous_0)
FNF:1
FNH:1
FNDA:1,(anonymous_0)
DA:16,1
DA:17,1
DA:29,1
LF:3
LH:3
BRF:0
BRH:0
end_of_record
TN:
SF:D:\Projects\Github\React-Starter-App\src\components\Notification\messages.js
FNF:0
FNH:0
LF:0
LH:0
BRF:0
BRH:0
end_of_record
TN:
SF:D:\Projects\Github\React-Starter-App\src\components\Page404\index.js
FN:14,(anonymous_0)
FNF:1
FNH:1
FNDA:1,(anonymous_0)
DA:14,1
DA:15,1
DA:23,1
DA:24,1
LF:4
LH:4
BRF:0
BRH:0
end_of_record
TN:
SF:D:\Projects\Github\React-Starter-App\src\components\Page404\messages.js
FNF:0
FNH:0
LF:0
LH:0
BRF:0
BRH:0
end_of_record
TN:
SF:D:\Projects\Github\React-Starter-App\src\components\PostList\index.js
FN:25,(anonymous_0)
FN:43,(anonymous_1)
FN:46,(anonymous_2)
FN:66,(anonymous_3)
FNF:4
FNH:3
FNDA:1,(anonymous_0)
FNDA:1,(anonymous_1)
FNDA:3,(anonymous_2)
FNDA:0,(anonymous_3)
DA:25,2
DA:43,2
DA:44,1
DA:46,1
DA:47,3
DA:67,0
DA:78,1
DA:81,2
DA:82,2
LF:9
LH:8
BRF:0
BRH:0
end_of_record
TN:
SF:D:\Projects\Github\React-Starter-App\src\components\PostList\messages.js
FNF:0
FNH:0
LF:0
LH:0
BRF:0
BRH:0
end_of_record
TN:
SF:D:\Projects\Github\React-Starter-App\src\components\TodoList\index.js
FN:28,(anonymous_0)
FN:31,(anonymous_1)
FNF:2
FNH:2
FNDA:1,(anonymous_0)
FNDA:2,(anonymous_1)
DA:22,2
DA:28,2
DA:29,1
DA:31,1
DA:32,2
DA:52,1
DA:55,2
LF:7
LH:7
BRDA:46,0,0,0
BRDA:46,0,1,2
BRF:2
BRH:1
end_of_record
TN:
SF:D:\Projects\Github\React-Starter-App\src\components\TodoList\messages.js
FNF:0
FNH:0
LF:0
LH:0
BRF:0
BRH:0
end_of_record
TN:
SF:D:\Projects\Github\React-Starter-App\src\containers\Login\actions.js
FN:9,defaultAction
FNF:1
FNH:1
FNDA:1,defaultAction
DA:10,1
LF:1
LH:1
BRF:0
BRH:0
end_of_record
TN:
SF:D:\Projects\Github\React-Starter-App\src\containers\Login\constants.js
FNF:0
FNH:0
DA:7,3
LF:1
LH:1
BRF:0
BRH:0
end_of_record
TN:
SF:D:\Projects\Github\React-Starter-App\src\containers\Login\index.js
FN:21,(anonymous_0)
FN:24,(anonymous_1)
FN:44,(anonymous_2)
FNF:3
FNH:0
FNDA:0,(anonymous_0)
FNDA:0,(anonymous_1)
FNDA:0,(anonymous_2)
DA:25,0
DA:39,1
DA:40,1
DA:44,1
DA:45,0
LF:5
LH:3
BRF:0
BRH:0
end_of_record
TN:
SF:D:\Projects\Github\React-Starter-App\src\containers\Login\messages.js
FNF:0
FNH:0
LF:0
LH:0
BRF:0
BRH:0
end_of_record
TN:
SF:D:\Projects\Github\React-Starter-App\src\containers\Login\reducer.js
FN:17,(anonymous_0)
FNF:1
FNH:1
FNDA:1,(anonymous_0)
DA:14,1
DA:17,1
DA:19,1
DA:21,0
DA:23,0
DA:25,1
LF:6
LH:4
BRDA:17,0,0,1
BRDA:19,1,0,0
BRDA:19,1,1,1
BRF:3
BRH:2
end_of_record
TN:
SF:D:\Projects\Github\React-Starter-App\src\containers\Login\thunks.js
FNF:0
FNH:0
LF:0
LH:0
BRF:0
BRH:0
end_of_record
TN:
SF:D:\Projects\Github\React-Starter-App\src\containers\Navigation\actions.js
FN:9,handleToggleDrawer
FNF:1
FNH:1
FNDA:2,handleToggleDrawer
DA:10,2
LF:1
LH:1
BRF:0
BRH:0
end_of_record
TN:
SF:D:\Projects\Github\React-Starter-App\src\containers\Navigation\constants.js
FNF:0
FNH:0
DA:7,8
LF:1
LH:1
BRF:0
BRH:0
end_of_record
TN:
SF:D:\Projects\Github\React-Starter-App\src\containers\Navigation\index.js
FN:19,(anonymous_0)
FN:29,(anonymous_1)
FN:39,(anonymous_2)
FNF:3
FNH:0
FNDA:0,(anonymous_0)
FNDA:0,(anonymous_1)
FNDA:0,(anonymous_2)
DA:20,0
DA:22,0
DA:29,0
DA:37,1
DA:39,1
DA:40,0
LF:6
LH:2
BRF:0
BRH:0
end_of_record
TN:
SF:D:\Projects\Github\React-Starter-App\src\containers\Navigation\messages.js
FNF:0
FNH:0
LF:0
LH:0
BRF:0
BRH:0
end_of_record
TN:
SF:D:\Projects\Github\React-Starter-App\src\containers\Navigation\reducer.js
FN:20,(anonymous_0)
FNF:1
FNH:1
FNDA:1,(anonymous_0)
DA:11,1
DA:20,1
DA:22,1
DA:24,0
DA:31,0
DA:33,1
LF:6
LH:4
BRDA:20,0,0,1
BRDA:22,1,0,0
BRDA:22,1,1,1
BRF:3
BRH:2
end_of_record
TN:
SF:D:\Projects\Github\React-Starter-App\src\containers\Navigation\thunks.js
FN:14,toggleDrawer
FN:19,(anonymous_1)
FNF:2
FNH:2
FNDA:2,toggleDrawer
FNDA:1,(anonymous_1)
DA:15,2
DA:16,2
DA:17,2
DA:19,2
DA:20,1
LF:5
LH:5
BRF:0
BRH:0
end_of_record
TN:
SF:D:\Projects\Github\React-Starter-App\src\containers\Post\actions.js
FN:14,fetchPostsRequest
FN:21,fetchPostsSuccess
FN:28,handlePostFailure
FN:35,deletePostSuccess
FNF:4
FNH:1
FNDA:0,fetchPostsRequest
FNDA:0,fetchPostsSuccess
FNDA:0,handlePostFailure
FNDA:3,deletePostSuccess
DA:15,0
DA:22,0
DA:29,0
DA:36,3
LF:4
LH:1
BRF:0
BRH:0
end_of_record
TN:
SF:D:\Projects\Github\React-Starter-App\src\containers\Post\constants.js
FNF:0
FNH:0
DA:7,8
DA:8,8
DA:9,8
DA:10,8
LF:4
LH:4
BRF:0
BRH:0
end_of_record
TN:
SF:D:\Projects\Github\React-Starter-App\src\containers\Post\index.js
FN:21,(anonymous_0)
FN:25,(anonymous_1)
FN:39,(anonymous_2)
FN:49,(anonymous_3)
FNF:4
FNH:0
FNDA:0,(anonymous_0)
FNDA:0,(anonymous_1)
FNDA:0,(anonymous_2)
FNDA:0,(anonymous_3)
DA:22,0
DA:26,0
DA:28,0
DA:39,0
DA:46,1
DA:47,1
DA:49,1
DA:50,0
LF:8
LH:3
BRF:0
BRH:0
end_of_record
TN:
SF:D:\Projects\Github\React-Starter-App\src\containers\Post\messages.js
FNF:0
FNH:0
LF:0
LH:0
BRF:0
BRH:0
end_of_record
TN:
SF:D:\Projects\Github\React-Starter-App\src\containers\Post\reducer.js
FN:20,(anonymous_0)
FNF:1
FNH:1
FNDA:2,(anonymous_0)
DA:16,1
DA:20,1
DA:22,2
DA:24,0
DA:29,0
DA:32,1
DA:37,1
DA:40,1
LF:8
LH:6
BRDA:20,0,0,2
BRDA:22,1,0,0
BRDA:22,1,1,1
BRDA:22,1,2,1
BRF:4
BRH:3
end_of_record
TN:
SF:D:\Projects\Github\React-Starter-App\src\containers\Post\thunks.js
FN:21,fetchPosts
FN:22,(anonymous_1)
FN:28,(anonymous_2)
FN:35,(anonymous_3)
FN:40,(anonymous_4)
FN:53,deletePost
FN:54,(anonymous_6)
FN:58,(anonymous_7)
FN:65,(anonymous_8)
FN:70,(anonymous_9)
FN:83,postFailureHandler
FN:84,(anonymous_11)
FNF:12
FNH:4
FNDA:0,fetchPosts
FNDA:0,(anonymous_1)
FNDA:0,(anonymous_2)
FNDA:0,(anonymous_3)
FNDA:0,(anonymous_4)
FNDA:2,deletePost
FNDA:1,(anonymous_6)
FNDA:1,(anonymous_7)
FNDA:1,(anonymous_8)
FNDA:0,(anonymous_9)
FNDA:0,postFailureHandler
FNDA:0,(anonymous_11)
DA:22,0
DA:23,0
DA:25,0
DA:29,0
DA:30,0
DA:33,0
DA:36,0
DA:37,0
DA:38,0
DA:41,0
DA:42,0
DA:43,0
DA:45,0
DA:47,0
DA:54,2
DA:55,1
DA:59,1
DA:60,0
DA:63,1
DA:67,1
DA:68,1
DA:71,0
DA:72,0
DA:73,0
DA:75,0
DA:77,0
DA:84,0
DA:85,0
LF:28
LH:6
BRDA:29,0,0,0
BRDA:29,0,1,0
BRDA:59,1,0,0
BRDA:59,1,1,1
BRF:4
BRH:1
end_of_record
TN:
SF:D:\Projects\Github\React-Starter-App\src\containers\Signup\actions.js
FN:9,defaultAction
FNF:1
FNH:1
FNDA:1,defaultAction
DA:10,1
LF:1
LH:1
BRF:0
BRH:0
end_of_record
TN:
SF:D:\Projects\Github\React-Starter-App\src\containers\Signup\constants.js
FNF:0
FNH:0
DA:7,3
LF:1
LH:1
BRF:0
BRH:0
end_of_record
TN:
SF:D:\Projects\Github\React-Starter-App\src\containers\Signup\index.js
FN:21,(anonymous_0)
FN:24,(anonymous_1)
FN:44,(anonymous_2)
FNF:3
FNH:0
FNDA:0,(anonymous_0)
FNDA:0,(anonymous_1)
FNDA:0,(anonymous_2)
DA:25,0
DA:39,1
DA:40,1
DA:44,1
DA:45,0
LF:5
LH:3
BRF:0
BRH:0
end_of_record
TN:
SF:D:\Projects\Github\React-Starter-App\src\containers\Signup\messages.js
FNF:0
FNH:0
LF:0
LH:0
BRF:0
BRH:0
end_of_record
TN:
SF:D:\Projects\Github\React-Starter-App\src\containers\Signup\reducer.js
FN:17,(anonymous_0)
FNF:1
FNH:1
FNDA:1,(anonymous_0)
DA:14,1
DA:17,1
DA:19,1
DA:21,0
DA:23,0
DA:25,1
LF:6
LH:4
BRDA:17,0,0,1
BRDA:19,1,0,0
BRDA:19,1,1,1
BRF:3
BRH:2
end_of_record
TN:
SF:D:\Projects\Github\React-Starter-App\src\containers\Signup\thunks.js
FNF:0
FNH:0
LF:0
LH:0
BRF:0
BRH:0
end_of_record
TN:
SF:D:\Projects\Github\React-Starter-App\src\containers\Todo\actions.js
FN:13,fetchTodosRequest
FN:20,fetchTodosSuccess
FN:27,fetchTodosFailure
FNF:3
FNH:2
FNDA:3,fetchTodosRequest
FNDA:1,fetchTodosSuccess
FNDA:0,fetchTodosFailure
DA:14,3
DA:21,1
DA:28,0
LF:3
LH:2
BRF:0
BRH:0
end_of_record
TN:
SF:D:\Projects\Github\React-Starter-App\src\containers\Todo\constants.js
FNF:0
FNH:0
DA:7,8
DA:8,8
DA:9,8
LF:3
LH:3
BRF:0
BRH:0
end_of_record
TN:
SF:D:\Projects\Github\React-Starter-App\src\containers\Todo\index.js
FN:21,(anonymous_0)
FN:25,(anonymous_1)
FN:43,(anonymous_2)
FNF:3
FNH:0
FNDA:0,(anonymous_0)
FNDA:0,(anonymous_1)
FNDA:0,(anonymous_2)
DA:22,0
DA:26,0
DA:28,0
DA:41,1
DA:43,1
DA:44,0
LF:6
LH:2
BRDA:34,0,0,0
BRDA:34,0,1,0
BRDA:35,1,0,0
BRDA:35,1,1,0
BRF:4
BRH:0
end_of_record
TN:
SF:D:\Projects\Github\React-Starter-App\src\containers\Todo\messages.js
FNF:0
FNH:0
LF:0
LH:0
BRF:0
BRH:0
end_of_record
TN:
SF:D:\Projects\Github\React-Starter-App\src\containers\Todo\reducer.js
FN:24,(anonymous_0)
FNF:1
FNH:1
FNDA:2,(anonymous_0)
DA:15,1
DA:24,1
DA:26,2
DA:28,1
DA:33,1
DA:36,0
DA:41,0
DA:44,0
DA:52,0
DA:54,1
LF:10
LH:6
BRDA:24,0,0,2
BRDA:26,1,0,1
BRDA:26,1,1,0
BRDA:26,1,2,0
BRDA:26,1,3,1
BRF:5
BRH:3
end_of_record
TN:
SF:D:\Projects\Github\React-Starter-App\src\containers\Todo\thunks.js
FN:19,fetchTodos
FN:20,(anonymous_1)
FN:26,(anonymous_2)
FN:33,(anonymous_3)
FN:38,(anonymous_4)
FN:51,checkTodos
FN:52,(anonymous_6)
FNF:7
FNH:5
FNDA:2,fetchTodos
FNDA:1,(anonymous_1)
FNDA:1,(anonymous_2)
FNDA:1,(anonymous_3)
FNDA:0,(anonymous_4)
FNDA:1,checkTodos
FNDA:0,(anonymous_6)
DA:20,2
DA:21,1
DA:23,1
DA:27,1
DA:28,0
DA:31,1
DA:34,1
DA:35,1
DA:36,1
DA:39,0
DA:40,0
DA:41,0
DA:43,0
DA:45,0
DA:52,1
DA:53,0
DA:54,0
LF:17
LH:9
BRDA:27,0,0,0
BRDA:27,0,1,1
BRDA:53,1,0,0
BRDA:53,1,1,0
BRF:4
BRH:1
end_of_record
TN:
SF:D:\Projects\Github\React-Starter-App\src\routes\PrivateRoute.js
FN:22,(anonymous_0)
FNF:1
FNH:0
FNDA:0,(anonymous_0)
DA:22,0
DA:23,0
LF:2
LH:0
BRF:0
BRH:0
end_of_record
TN:
SF:D:\Projects\Github\React-Starter-App\src\routes\PublicRoute.js
FN:20,(anonymous_0)
FNF:1
FNH:0
FNDA:0,(anonymous_0)
DA:20,0
DA:21,0
LF:2
LH:0
BRF:0
BRH:0
end_of_record
TN:
SF:D:\Projects\Github\React-Starter-App\src\routes\routes.js
FN:16,(anonymous_0)
FN:19,(anonymous_1)
FN:23,(anonymous_2)
FNF:3
FNH:0
FNDA:0,(anonymous_0)
FNDA:0,(anonymous_1)
FNDA:0,(anonymous_2)
DA:16,0
DA:17,0
DA:19,0
DA:23,0
LF:4
LH:0
BRDA:16,0,0,0
BRDA:19,1,0,0
BRDA:19,1,1,0
BRF:3
BRH:0
end_of_record
